#
# There is insufficient memory for the Java Runtime Environment to continue.
# Native memory allocation (mmap) failed to map 27262976 bytes for Failed to commit area from 0x0000000089e00000 to 0x000000008b800000 of length 27262976.
# Possible reasons:
#   The system is out of physical RAM or swap space
#   The process is running with CompressedOops enabled, and the Java Heap may be blocking the growth of the native heap
# Possible solutions:
#   Reduce memory load on the system
#   Increase physical memory or swap space
#   Check if swap backing store is full
#   Decrease Java heap size (-Xmx/-Xms)
#   Decrease number of Java threads
#   Decrease Java thread stack sizes (-Xss)
#   Set larger code cache with -XX:ReservedCodeCacheSize=
#   JVM is running with Unscaled Compressed Oops mode in which the Java heap is
#     placed in the first 4GB address space. The Java Heap base address is the
#     maximum limit for the native heap growth. Please use -XX:HeapBaseMinAddress
#     to set the Java Heap base and to place the Java Heap above 4GB virtual address.
# This output file may be truncated or incomplete.
#
#  Out of Memory Error (./src/hotspot/os/windows/os_windows.cpp:3386), pid=15584, tid=17192
#
# JRE version: OpenJDK Runtime Environment Corretto-11.0.18.10.1 (11.0.18+10) (build 11.0.18+10-LTS)
# Java VM: OpenJDK 64-Bit Server VM Corretto-11.0.18.10.1 (11.0.18+10-LTS, mixed mode, tiered, compressed oops, g1 gc, windows-amd64)
# No core dump will be written. Minidumps are not enabled by default on client versions of Windows
#

---------------  S U M M A R Y ------------

Command Line: -javaagent:C:\Program Files\JetBrains\IntelliJ IDEA Community Edition 2022.2.3\lib\idea_rt.jar=53593:C:\Program Files\JetBrains\IntelliJ IDEA Community Edition 2022.2.3\bin -Dfile.encoding=UTF-8 com.emi.medicalimageprocessing.MedicalimageprocessingApplication

Host: Intel(R) Core(TM) i5-7200U CPU @ 2.50GHz, 4 cores, 7G,  Windows 10 , 64 bit Build 19041 (10.0.19041.3636)
Time: Wed Dec  6 09:32:04 2023 Maroc (heure d64 bit Build 19041 (10.0.19041.3636) elapsed time: 7.034867 seconds (0d 0h 0m 7s)

---------------  T H R E A D  ---------------

Current thread (0x000002932284f800):  VMThread "VM Thread" [stack: 0x000000a88bf00000,0x000000a88c000000] [id=17192]

Stack: [0x000000a88bf00000,0x000000a88c000000]
[error occurred during error reporting (printing stack bounds), id 0xc0000005, EXCEPTION_ACCESS_VIOLATION (0xc0000005) at pc=0x000002930c86112d]

Native frames: (J=compiled Java code, j=interpreted, Vv=VM code, C=native code)
V  [jvm.dll+0x622d9a]
V  [jvm.dll+0x7b0289]
V  [jvm.dll+0x7b1978]
V  [jvm.dll+0x7b1fb5]
V  [jvm.dll+0x7b1f6b]
V  [jvm.dll+0x622127]
V  [jvm.dll+0x622838]
C  [ntdll.dll+0xa23af]
C  [ntdll.dll+0x514b4]
C  [ntdll.dll+0xa0ebe]
C  0x000002930c86112d

VM_Operation (0x000000a88b9fcd80): CollectForMetadataAllocation, mode: safepoint, requested by thread 0x00000293040e6800


---------------  P R O C E S S  ---------------

Threads class SMR info:
_java_thread_list=0x0000029324a72900, length=12, elements={
0x00000293040e6800, 0x0000029322879800, 0x000002932287b000, 0x0000029323222800,
0x000002932288e000, 0x0000029322892000, 0x0000029322898000, 0x000002932289c800,
0x00000293228a6000, 0x0000029323386000, 0x00000293238ce800, 0x0000029324101800
}

Java Threads: ( => current thread )
  0x00000293040e6800 JavaThread "main" [_thread_blocked, id=17576, stack(0x000000a88b900000,0x000000a88ba00000)]
  0x0000029322879800 JavaThread "Reference Handler" daemon [_thread_blocked, id=11252, stack(0x000000a88c000000,0x000000a88c100000)]
  0x000002932287b000 JavaThread "Finalizer" daemon [_thread_blocked, id=6964, stack(0x000000a88c100000,0x000000a88c200000)]
  0x0000029323222800 JavaThread "Signal Dispatcher" daemon [_thread_blocked, id=18612, stack(0x000000a88c200000,0x000000a88c300000)]
  0x000002932288e000 JavaThread "Attach Listener" daemon [_thread_blocked, id=15692, stack(0x000000a88c300000,0x000000a88c400000)]
  0x0000029322892000 JavaThread "Service Thread" daemon [_thread_blocked, id=18832, stack(0x000000a88c400000,0x000000a88c500000)]
  0x0000029322898000 JavaThread "C2 CompilerThread0" daemon [_thread_blocked, id=19180, stack(0x000000a88c500000,0x000000a88c600000)]
  0x000002932289c800 JavaThread "C1 CompilerThread0" daemon [_thread_blocked, id=2212, stack(0x000000a88c600000,0x000000a88c700000)]
  0x00000293228a6000 JavaThread "Sweeper thread" daemon [_thread_blocked, id=16396, stack(0x000000a88c700000,0x000000a88c800000)]
  0x0000029323386000 JavaThread "Common-Cleaner" daemon [_thread_blocked, id=1432, stack(0x000000a88c800000,0x000000a88c900000)]
  0x00000293238ce800 JavaThread "Monitor Ctrl-Break" daemon [_thread_in_native, id=15328, stack(0x000000a88c900000,0x000000a88ca00000)]
  0x0000029324101800 JavaThread "C2 CompilerThread1" daemon [_thread_blocked, id=4484, stack(0x000000a88d000000,0x000000a88d100000)]

Other Threads:
=>0x000002932284f800 VMThread "VM Thread" [stack: 0x000000a88bf00000,0x000000a88c000000] [id=17192]
  0x00000293238d3800 WatcherThread [stack: 0x000000a88ca00000,0x000000a88cb00000] [id=2908]
  0x00000293040fe800 GCTaskThread "GC Thread#0" [stack: 0x000000a88ba00000,0x000000a88bb00000] [id=10256]
  0x000002932435d800 GCTaskThread "GC Thread#1" [stack: 0x000000a88cc00000,0x000000a88cd00000] [id=17164]
  0x00000293240b8000 GCTaskThread "GC Thread#2" [stack: 0x000000a88cd00000,0x000000a88ce00000] [id=18284]
  0x000002932461e000 GCTaskThread "GC Thread#3" [stack: 0x000000a88cb00000,0x000000a88cc00000] [id=6132]
  0x0000029304130000 ConcurrentGCThread "G1 Main Marker" [stack: 0x000000a88bb00000,0x000000a88bc00000] [id=5940]
  0x0000029304134000 ConcurrentGCThread "G1 Conc#0" [stack: 0x000000a88bc00000,0x000000a88bd00000] [id=9436]
  0x00000293226c0800 ConcurrentGCThread "G1 Refine#0" [stack: 0x000000a88bd00000,0x000000a88be00000] [id=10220]
  0x00000293226c1000 ConcurrentGCThread "G1 Young RemSet Sampling" [stack: 0x000000a88be00000,0x000000a88bf00000] [id=10812]

Threads with active compile tasks:
C2 CompilerThread0     7071 3566       4       org.springframework.boot.context.properties.source.ConfigurationPropertyName$ElementsParser::parse (234 bytes)
C2 CompilerThread1     7071 3663       4       java.util.Properties::load0 (249 bytes)

VM state:at safepoint (normal execution)

VM Mutex/Monitor currently owned by a thread:  ([mutex/lock_event])
[0x00000293040e4c10] Threads_lock - owner thread: 0x000002932284f800
[0x00000293040e3f20] Heap_lock - owner thread: 0x00000293040e6800

Heap address: 0x0000000081e00000, size: 2018 MB, Compressed Oops mode: 32-bit
Narrow klass base: 0x0000000000000000, Narrow klass shift: 3
Compressed class space size: 1073741824 Address: 0x0000000100000000

Heap:
 garbage-first heap   total 157696K, used 16011K [0x0000000081e00000, 0x0000000100000000)
  region size 1024K, 7 young (7168K), 7 survivors (7168K)
 Metaspace       used 35063K, capacity 36023K, committed 36048K, reserved 1081344K
  class space    used 4113K, capacity 4535K, committed 4560K, reserved 1048576K
Heap Regions: E=young(eden), S=young(survivor), O=old, HS=humongous(starts), HC=humongous(continues), CS=collection set, F=free, A=archive, TAMS=top-at-mark-start (previous, next)
|   0|0x0000000081e00000, 0x0000000081f00000, 0x0000000081f00000|100%|HS|  |TAMS 0x0000000081f00000, 0x0000000081f00000| Complete 
|   1|0x0000000081f00000, 0x0000000082000000, 0x0000000082000000|100%| O|  |TAMS 0x0000000082000000, 0x0000000082000000| Untracked 
|   2|0x0000000082000000, 0x0000000082100000, 0x0000000082100000|100%| O|  |TAMS 0x0000000082100000, 0x0000000082100000| Untracked 
|   3|0x0000000082100000, 0x0000000082200000, 0x0000000082200000|100%| O|  |TAMS 0x0000000082200000, 0x0000000082200000| Untracked 
|   4|0x0000000082200000, 0x0000000082300000, 0x0000000082300000|100%| O|  |TAMS 0x000000008222cc00, 0x0000000082300000| Untracked 
|   5|0x0000000082300000, 0x0000000082400000, 0x0000000082400000|100%| O|  |TAMS 0x0000000082300000, 0x0000000082400000| Untracked 
|   6|0x0000000082400000, 0x0000000082500000, 0x0000000082500000|100%| O|  |TAMS 0x0000000082400000, 0x0000000082500000| Untracked 
|   7|0x0000000082500000, 0x0000000082600000, 0x0000000082600000|100%| O|  |TAMS 0x0000000082500000, 0x0000000082600000| Untracked 
|   8|0x0000000082600000, 0x0000000082700000, 0x0000000082700000|100%| O|  |TAMS 0x0000000082600000, 0x0000000082700000| Untracked 
|   9|0x0000000082700000, 0x0000000082702c00, 0x0000000082800000|  1%| O|  |TAMS 0x0000000082700000, 0x0000000082702c00| Untracked 
|  10|0x0000000082800000, 0x0000000082800000, 0x0000000082900000|  0%| F|  |TAMS 0x0000000082800000, 0x0000000082800000| Untracked 
|  11|0x0000000082900000, 0x0000000082900000, 0x0000000082a00000|  0%| F|  |TAMS 0x0000000082900000, 0x0000000082900000| Untracked 
|  12|0x0000000082a00000, 0x0000000082a00000, 0x0000000082b00000|  0%| F|  |TAMS 0x0000000082a00000, 0x0000000082a00000| Untracked 
|  13|0x0000000082b00000, 0x0000000082b00000, 0x0000000082c00000|  0%| F|  |TAMS 0x0000000082b00000, 0x0000000082b00000| Untracked 
|  14|0x0000000082c00000, 0x0000000082c00000, 0x0000000082d00000|  0%| F|  |TAMS 0x0000000082c00000, 0x0000000082c00000| Untracked 
|  15|0x0000000082d00000, 0x0000000082d00000, 0x0000000082e00000|  0%| F|  |TAMS 0x0000000082d00000, 0x0000000082d00000| Untracked 
|  16|0x0000000082e00000, 0x0000000082e00000, 0x0000000082f00000|  0%| F|  |TAMS 0x0000000082e00000, 0x0000000082e00000| Untracked 
|  17|0x0000000082f00000, 0x0000000082f00000, 0x0000000083000000|  0%| F|  |TAMS 0x0000000082f00000, 0x0000000082f00000| Untracked 
|  18|0x0000000083000000, 0x0000000083000000, 0x0000000083100000|  0%| F|  |TAMS 0x0000000083000000, 0x0000000083000000| Untracked 
|  19|0x0000000083100000, 0x0000000083100000, 0x0000000083200000|  0%| F|  |TAMS 0x0000000083100000, 0x0000000083100000| Untracked 
|  20|0x0000000083200000, 0x0000000083200000, 0x0000000083300000|  0%| F|  |TAMS 0x0000000083200000, 0x0000000083200000| Untracked 
|  21|0x0000000083300000, 0x0000000083300000, 0x0000000083400000|  0%| F|  |TAMS 0x0000000083300000, 0x0000000083300000| Untracked 
|  22|0x0000000083400000, 0x0000000083400000, 0x0000000083500000|  0%| F|  |TAMS 0x0000000083400000, 0x0000000083400000| Untracked 
|  23|0x0000000083500000, 0x0000000083500000, 0x0000000083600000|  0%| F|  |TAMS 0x0000000083500000, 0x0000000083500000| Untracked 
|  24|0x0000000083600000, 0x0000000083600000, 0x0000000083700000|  0%| F|  |TAMS 0x0000000083600000, 0x0000000083600000| Untracked 
|  25|0x0000000083700000, 0x0000000083700000, 0x0000000083800000|  0%| F|  |TAMS 0x0000000083700000, 0x0000000083700000| Untracked 
|  26|0x0000000083800000, 0x0000000083800000, 0x0000000083900000|  0%| F|  |TAMS 0x0000000083800000, 0x0000000083800000| Untracked 
|  27|0x0000000083900000, 0x0000000083900000, 0x0000000083a00000|  0%| F|  |TAMS 0x0000000083900000, 0x0000000083900000| Untracked 
|  28|0x0000000083a00000, 0x0000000083a00000, 0x0000000083b00000|  0%| F|  |TAMS 0x0000000083a00000, 0x0000000083a00000| Untracked 
|  29|0x0000000083b00000, 0x0000000083b00000, 0x0000000083c00000|  0%| F|  |TAMS 0x0000000083b00000, 0x0000000083b00000| Untracked 
|  30|0x0000000083c00000, 0x0000000083c00000, 0x0000000083d00000|  0%| F|  |TAMS 0x0000000083c00000, 0x0000000083c00000| Untracked 
|  31|0x0000000083d00000, 0x0000000083d00000, 0x0000000083e00000|  0%| F|  |TAMS 0x0000000083d00000, 0x0000000083d00000| Untracked 
|  32|0x0000000083e00000, 0x0000000083e00000, 0x0000000083f00000|  0%| F|  |TAMS 0x0000000083e00000, 0x0000000083e00000| Untracked 
|  33|0x0000000083f00000, 0x0000000083f00000, 0x0000000084000000|  0%| F|  |TAMS 0x0000000083f00000, 0x0000000083f00000| Untracked 
|  34|0x0000000084000000, 0x0000000084000000, 0x0000000084100000|  0%| F|  |TAMS 0x0000000084000000, 0x0000000084000000| Untracked 
|  35|0x0000000084100000, 0x0000000084100000, 0x0000000084200000|  0%| F|  |TAMS 0x0000000084100000, 0x0000000084100000| Untracked 
|  36|0x0000000084200000, 0x0000000084200000, 0x0000000084300000|  0%| F|  |TAMS 0x0000000084200000, 0x0000000084200000| Untracked 
|  37|0x0000000084300000, 0x0000000084300000, 0x0000000084400000|  0%| F|  |TAMS 0x0000000084300000, 0x0000000084300000| Untracked 
|  38|0x0000000084400000, 0x0000000084400000, 0x0000000084500000|  0%| F|  |TAMS 0x0000000084400000, 0x0000000084400000| Untracked 
|  39|0x0000000084500000, 0x0000000084500000, 0x0000000084600000|  0%| F|  |TAMS 0x0000000084500000, 0x0000000084500000| Untracked 
|  40|0x0000000084600000, 0x0000000084600000, 0x0000000084700000|  0%| F|  |TAMS 0x0000000084600000, 0x0000000084600000| Untracked 
|  41|0x0000000084700000, 0x0000000084700000, 0x0000000084800000|  0%| F|  |TAMS 0x0000000084700000, 0x0000000084700000| Untracked 
|  42|0x0000000084800000, 0x0000000084800000, 0x0000000084900000|  0%| F|  |TAMS 0x0000000084800000, 0x0000000084800000| Untracked 
|  43|0x0000000084900000, 0x0000000084900000, 0x0000000084a00000|  0%| F|  |TAMS 0x0000000084900000, 0x0000000084900000| Untracked 
|  44|0x0000000084a00000, 0x0000000084a00000, 0x0000000084b00000|  0%| F|  |TAMS 0x0000000084a00000, 0x0000000084a00000| Untracked 
|  45|0x0000000084b00000, 0x0000000084b00000, 0x0000000084c00000|  0%| F|  |TAMS 0x0000000084b00000, 0x0000000084b00000| Untracked 
|  46|0x0000000084c00000, 0x0000000084c00000, 0x0000000084d00000|  0%| F|  |TAMS 0x0000000084c00000, 0x0000000084c00000| Untracked 
|  47|0x0000000084d00000, 0x0000000084d00000, 0x0000000084e00000|  0%| F|  |TAMS 0x0000000084d00000, 0x0000000084d00000| Untracked 
|  48|0x0000000084e00000, 0x0000000084e00000, 0x0000000084f00000|  0%| F|  |TAMS 0x0000000084e00000, 0x0000000084e00000| Untracked 
|  49|0x0000000084f00000, 0x0000000084f00000, 0x0000000085000000|  0%| F|  |TAMS 0x0000000084f00000, 0x0000000084f00000| Untracked 
|  50|0x0000000085000000, 0x0000000085000000, 0x0000000085100000|  0%| F|  |TAMS 0x0000000085000000, 0x0000000085000000| Untracked 
|  51|0x0000000085100000, 0x0000000085100000, 0x0000000085200000|  0%| F|  |TAMS 0x0000000085100000, 0x0000000085100000| Untracked 
|  52|0x0000000085200000, 0x0000000085200000, 0x0000000085300000|  0%| F|  |TAMS 0x0000000085200000, 0x0000000085200000| Untracked 
|  53|0x0000000085300000, 0x0000000085300000, 0x0000000085400000|  0%| F|  |TAMS 0x0000000085300000, 0x0000000085300000| Untracked 
|  54|0x0000000085400000, 0x0000000085400000, 0x0000000085500000|  0%| F|  |TAMS 0x0000000085400000, 0x0000000085400000| Untracked 
|  55|0x0000000085500000, 0x0000000085500000, 0x0000000085600000|  0%| F|  |TAMS 0x0000000085500000, 0x0000000085500000| Untracked 
|  56|0x0000000085600000, 0x0000000085600000, 0x0000000085700000|  0%| F|  |TAMS 0x0000000085600000, 0x0000000085600000| Untracked 
|  57|0x0000000085700000, 0x0000000085700000, 0x0000000085800000|  0%| F|  |TAMS 0x0000000085700000, 0x0000000085700000| Untracked 
|  58|0x0000000085800000, 0x0000000085800000, 0x0000000085900000|  0%| F|  |TAMS 0x0000000085800000, 0x0000000085800000| Untracked 
|  59|0x0000000085900000, 0x0000000085900000, 0x0000000085a00000|  0%| F|  |TAMS 0x0000000085900000, 0x0000000085900000| Untracked 
|  60|0x0000000085a00000, 0x0000000085a00000, 0x0000000085b00000|  0%| F|  |TAMS 0x0000000085a00000, 0x0000000085a00000| Untracked 
|  61|0x0000000085b00000, 0x0000000085b00000, 0x0000000085c00000|  0%| F|  |TAMS 0x0000000085b00000, 0x0000000085b00000| Untracked 
|  62|0x0000000085c00000, 0x0000000085c00000, 0x0000000085d00000|  0%| F|  |TAMS 0x0000000085c00000, 0x0000000085c00000| Untracked 
|  63|0x0000000085d00000, 0x0000000085d00000, 0x0000000085e00000|  0%| F|  |TAMS 0x0000000085d00000, 0x0000000085d00000| Untracked 
|  64|0x0000000085e00000, 0x0000000085e00000, 0x0000000085f00000|  0%| F|  |TAMS 0x0000000085e00000, 0x0000000085e00000| Untracked 
|  65|0x0000000085f00000, 0x0000000085f00000, 0x0000000086000000|  0%| F|  |TAMS 0x0000000085f00000, 0x0000000085f00000| Untracked 
|  66|0x0000000086000000, 0x0000000086000000, 0x0000000086100000|  0%| F|  |TAMS 0x0000000086000000, 0x0000000086000000| Untracked 
|  67|0x0000000086100000, 0x0000000086100000, 0x0000000086200000|  0%| F|  |TAMS 0x0000000086100000, 0x0000000086100000| Untracked 
|  68|0x0000000086200000, 0x0000000086200000, 0x0000000086300000|  0%| F|  |TAMS 0x0000000086200000, 0x0000000086200000| Untracked 
|  69|0x0000000086300000, 0x0000000086300000, 0x0000000086400000|  0%| F|  |TAMS 0x0000000086300000, 0x0000000086300000| Untracked 
|  70|0x0000000086400000, 0x0000000086400000, 0x0000000086500000|  0%| F|  |TAMS 0x0000000086400000, 0x0000000086400000| Untracked 
|  71|0x0000000086500000, 0x0000000086500000, 0x0000000086600000|  0%| F|  |TAMS 0x0000000086500000, 0x0000000086500000| Untracked 
|  72|0x0000000086600000, 0x0000000086600000, 0x0000000086700000|  0%| F|  |TAMS 0x0000000086600000, 0x0000000086600000| Untracked 
|  73|0x0000000086700000, 0x0000000086700000, 0x0000000086800000|  0%| F|  |TAMS 0x0000000086700000, 0x0000000086700000| Untracked 
|  74|0x0000000086800000, 0x0000000086800000, 0x0000000086900000|  0%| F|  |TAMS 0x0000000086800000, 0x0000000086800000| Untracked 
|  75|0x0000000086900000, 0x0000000086900000, 0x0000000086a00000|  0%| F|  |TAMS 0x0000000086900000, 0x0000000086900000| Untracked 
|  76|0x0000000086a00000, 0x0000000086a00000, 0x0000000086b00000|  0%| F|  |TAMS 0x0000000086a00000, 0x0000000086a00000| Untracked 
|  77|0x0000000086b00000, 0x0000000086b00000, 0x0000000086c00000|  0%| F|  |TAMS 0x0000000086b00000, 0x0000000086b00000| Untracked 
|  78|0x0000000086c00000, 0x0000000086c00000, 0x0000000086d00000|  0%| F|  |TAMS 0x0000000086c00000, 0x0000000086c00000| Untracked 
|  79|0x0000000086d00000, 0x0000000086d00000, 0x0000000086e00000|  0%| F|  |TAMS 0x0000000086d00000, 0x0000000086d00000| Untracked 
|  80|0x0000000086e00000, 0x0000000086e00000, 0x0000000086f00000|  0%| F|  |TAMS 0x0000000086e00000, 0x0000000086e00000| Untracked 
|  81|0x0000000086f00000, 0x0000000086f00000, 0x0000000087000000|  0%| F|  |TAMS 0x0000000086f00000, 0x0000000086f00000| Untracked 
|  82|0x0000000087000000, 0x0000000087000000, 0x0000000087100000|  0%| F|  |TAMS 0x0000000087000000, 0x0000000087000000| Untracked 
|  83|0x0000000087100000, 0x0000000087100000, 0x0000000087200000|  0%| F|  |TAMS 0x0000000087100000, 0x0000000087100000| Untracked 
|  84|0x0000000087200000, 0x0000000087200000, 0x0000000087300000|  0%| F|  |TAMS 0x0000000087200000, 0x0000000087200000| Untracked 
|  85|0x0000000087300000, 0x0000000087300000, 0x0000000087400000|  0%| F|  |TAMS 0x0000000087300000, 0x0000000087300000| Untracked 
|  86|0x0000000087400000, 0x0000000087400000, 0x0000000087500000|  0%| F|  |TAMS 0x0000000087400000, 0x0000000087400000| Untracked 
|  87|0x0000000087500000, 0x0000000087500000, 0x0000000087600000|  0%| F|  |TAMS 0x0000000087500000, 0x0000000087500000| Untracked 
|  88|0x0000000087600000, 0x0000000087600000, 0x0000000087700000|  0%| F|  |TAMS 0x0000000087600000, 0x0000000087600000| Untracked 
|  89|0x0000000087700000, 0x0000000087700000, 0x0000000087800000|  0%| F|  |TAMS 0x0000000087700000, 0x0000000087700000| Untracked 
|  90|0x0000000087800000, 0x0000000087800000, 0x0000000087900000|  0%| F|  |TAMS 0x0000000087800000, 0x0000000087800000| Untracked 
|  91|0x0000000087900000, 0x0000000087900000, 0x0000000087a00000|  0%| F|  |TAMS 0x0000000087900000, 0x0000000087900000| Untracked 
|  92|0x0000000087a00000, 0x0000000087a00000, 0x0000000087b00000|  0%| F|  |TAMS 0x0000000087a00000, 0x0000000087a00000| Untracked 
|  93|0x0000000087b00000, 0x0000000087b00000, 0x0000000087c00000|  0%| F|  |TAMS 0x0000000087b00000, 0x0000000087b00000| Untracked 
|  94|0x0000000087c00000, 0x0000000087c00000, 0x0000000087d00000|  0%| F|  |TAMS 0x0000000087c00000, 0x0000000087c00000| Untracked 
|  95|0x0000000087d00000, 0x0000000087d00000, 0x0000000087e00000|  0%| F|  |TAMS 0x0000000087d00000, 0x0000000087d00000| Untracked 
|  96|0x0000000087e00000, 0x0000000087e00000, 0x0000000087f00000|  0%| F|  |TAMS 0x0000000087e00000, 0x0000000087e00000| Untracked 
|  97|0x0000000087f00000, 0x0000000087f00000, 0x0000000088000000|  0%| F|  |TAMS 0x0000000087f00000, 0x0000000087f00000| Untracked 
|  98|0x0000000088000000, 0x0000000088000000, 0x0000000088100000|  0%| F|  |TAMS 0x0000000088000000, 0x0000000088000000| Untracked 
|  99|0x0000000088100000, 0x0000000088100000, 0x0000000088200000|  0%| F|  |TAMS 0x0000000088100000, 0x0000000088100000| Untracked 
| 100|0x0000000088200000, 0x0000000088200000, 0x0000000088300000|  0%| F|  |TAMS 0x0000000088200000, 0x0000000088200000| Untracked 
| 101|0x0000000088300000, 0x0000000088300000, 0x0000000088400000|  0%| F|  |TAMS 0x0000000088300000, 0x0000000088300000| Untracked 
| 102|0x0000000088400000, 0x0000000088400000, 0x0000000088500000|  0%| F|  |TAMS 0x0000000088400000, 0x0000000088400000| Untracked 
| 103|0x0000000088500000, 0x0000000088500000, 0x0000000088600000|  0%| F|  |TAMS 0x0000000088500000, 0x0000000088500000| Untracked 
| 104|0x0000000088600000, 0x0000000088600000, 0x0000000088700000|  0%| F|  |TAMS 0x0000000088600000, 0x0000000088600000| Untracked 
| 105|0x0000000088700000, 0x0000000088700000, 0x0000000088800000|  0%| F|  |TAMS 0x0000000088700000, 0x0000000088700000| Untracked 
| 106|0x0000000088800000, 0x0000000088800000, 0x0000000088900000|  0%| F|  |TAMS 0x0000000088800000, 0x0000000088800000| Untracked 
| 107|0x0000000088900000, 0x0000000088900000, 0x0000000088a00000|  0%| F|  |TAMS 0x0000000088900000, 0x0000000088900000| Untracked 
| 108|0x0000000088a00000, 0x0000000088a00000, 0x0000000088b00000|  0%| F|  |TAMS 0x0000000088a00000, 0x0000000088a00000| Untracked 
| 109|0x0000000088b00000, 0x0000000088b00000, 0x0000000088c00000|  0%| F|  |TAMS 0x0000000088b00000, 0x0000000088b00000| Untracked 
| 110|0x0000000088c00000, 0x0000000088ca0010, 0x0000000088d00000| 62%| S|CS|TAMS 0x0000000088c00000, 0x0000000088c00000| Complete 
| 111|0x0000000088d00000, 0x0000000088e00000, 0x0000000088e00000|100%| S|CS|TAMS 0x0000000088d00000, 0x0000000088d00000| Complete 
| 112|0x0000000088e00000, 0x0000000088f00000, 0x0000000088f00000|100%| S|CS|TAMS 0x0000000088e00000, 0x0000000088e00000| Complete 
| 113|0x0000000088f00000, 0x0000000089000000, 0x0000000089000000|100%| S|CS|TAMS 0x0000000088f00000, 0x0000000088f00000| Complete 
| 114|0x0000000089000000, 0x0000000089100000, 0x0000000089100000|100%| S|CS|TAMS 0x0000000089000000, 0x0000000089000000| Complete 
| 115|0x0000000089100000, 0x0000000089200000, 0x0000000089200000|100%| S|CS|TAMS 0x0000000089100000, 0x0000000089100000| Complete 
| 116|0x0000000089200000, 0x0000000089300000, 0x0000000089300000|100%| S|CS|TAMS 0x0000000089200000, 0x0000000089200000| Complete 
| 117|0x0000000089300000, 0x0000000089300000, 0x0000000089400000|  0%| F|  |TAMS 0x0000000089300000, 0x0000000089300000| Untracked 
| 118|0x0000000089400000, 0x0000000089400000, 0x0000000089500000|  0%| F|  |TAMS 0x0000000089400000, 0x0000000089400000| Untracked 
| 119|0x0000000089500000, 0x0000000089500000, 0x0000000089600000|  0%| F|  |TAMS 0x0000000089500000, 0x0000000089500000| Untracked 
| 120|0x0000000089600000, 0x0000000089600000, 0x0000000089700000|  0%| F|  |TAMS 0x0000000089600000, 0x0000000089600000| Untracked 
| 121|0x0000000089700000, 0x0000000089700000, 0x0000000089800000|  0%| F|  |TAMS 0x0000000089700000, 0x0000000089700000| Untracked 
| 122|0x0000000089800000, 0x0000000089800000, 0x0000000089900000|  0%| F|  |TAMS 0x0000000089800000, 0x0000000089800000| Untracked 
| 123|0x0000000089900000, 0x0000000089900000, 0x0000000089a00000|  0%| F|  |TAMS 0x0000000089900000, 0x0000000089900000| Untracked 
| 124|0x0000000089a00000, 0x0000000089a00000, 0x0000000089b00000|  0%| F|  |TAMS 0x0000000089a00000, 0x0000000089a00000| Untracked 
| 125|0x0000000089b00000, 0x0000000089b00000, 0x0000000089c00000|  0%| F|  |TAMS 0x0000000089b00000, 0x0000000089b00000| Untracked 
| 126|0x0000000089c00000, 0x0000000089c00000, 0x0000000089d00000|  0%| F|  |TAMS 0x0000000089c00000, 0x0000000089c00000| Untracked 
| 127|0x0000000089d00000, 0x0000000089d00000, 0x0000000089e00000|  0%| F|  |TAMS 0x0000000089d00000, 0x0000000089d00000| Untracked 

Card table byte_map: [0x000002931bc60000,0x000002931c060000] _byte_map_base: 0x000002931b851000

Marking Bits (Prev, Next): (CMBitMap*) 0x0000029304127670, (CMBitMap*) 0x0000029304127638
 Prev Bits: [0x000002931e3f0000, 0x0000029320378000)
 Next Bits: [0x000002931c460000, 0x000002931e3e8000)

Polling page: 0x0000029302060000

Metaspace:

Usage:
  Non-class:     30.75 MB capacity,    30.22 MB ( 98%) used,   419.01 KB (  1%) free+waste,   119.06 KB ( <1%) overhead. 
      Class:      4.43 MB capacity,     4.02 MB ( 91%) used,   364.11 KB (  8%) free+waste,    57.25 KB (  1%) overhead. 
       Both:     35.18 MB capacity,    34.24 MB ( 97%) used,   783.12 KB (  2%) free+waste,   176.31 KB ( <1%) overhead. 

Virtual space:
  Non-class space:       32.00 MB reserved,      30.75 MB ( 96%) committed 
      Class space:        1.00 GB reserved,       4.45 MB ( <1%) committed 
             Both:        1.03 GB reserved,      35.20 MB (  3%) committed 

Chunk freelists:
   Non-Class:  0 bytes
       Class:  9.00 KB
        Both:  9.00 KB

MaxMetaspaceSize: 17179869184.00 GB
CompressedClassSpaceSize: 1.00 GB
Initial GC threshold: 20.80 MB
Current GC threshold: 35.20 MB
CDS: off

CodeHeap 'non-profiled nmethods': size=120064Kb used=1779Kb max_used=1779Kb free=118284Kb
 bounds [0x0000029314320000, 0x0000029314590000, 0x000002931b860000]
CodeHeap 'profiled nmethods': size=120000Kb used=8701Kb max_used=8701Kb free=111298Kb
 bounds [0x000002930cdf0000, 0x000002930d670000, 0x0000029314320000]
CodeHeap 'non-nmethods': size=5696Kb used=1189Kb max_used=1230Kb free=4506Kb
 bounds [0x000002930c860000, 0x000002930cad0000, 0x000002930cdf0000]
 total_blobs=4109 nmethods=3656 adapters=365
 compilation: enabled
              stopped_count=0, restarted_count=0
 full_count=0

Compilation events (20 events):
Event: 6.987 Thread 0x000002932289c800 3661       3       sun.nio.fs.WindowsPath::equals (30 bytes)
Event: 6.987 Thread 0x000002932289c800 nmethod 3661 0x000002930d66b390 code [0x000002930d66b560, 0x000002930d66b968]
Event: 6.998 Thread 0x0000029324101800 nmethod 3623 0x00000293144da990 code [0x00000293144dac00, 0x00000293144dbfc8]
Event: 6.998 Thread 0x0000029324101800 3663       4       java.util.Properties::load0 (249 bytes)
Event: 7.002 Thread 0x000002932289c800 3664       3       java.util.Properties::loadConvert (524 bytes)
Event: 7.004 Thread 0x000002932289c800 nmethod 3664 0x000002930d66ba10 code [0x000002930d66bd40, 0x000002930d66d378]
Event: 7.010 Thread 0x000002932289c800 3665       3       java.util.ImmutableCollections$List12::size (13 bytes)
Event: 7.010 Thread 0x000002932289c800 nmethod 3665 0x000002930d66db10 code [0x000002930d66dcc0, 0x000002930d66de38]
Event: 7.011 Thread 0x000002932289c800 3666       3       sun.nio.fs.WindowsPath::normalize (5 bytes)
Event: 7.011 Thread 0x000002932289c800 nmethod 3666 0x000002930d66df10 code [0x000002930d66e0c0, 0x000002930d66e208]
Event: 7.011 Thread 0x000002932289c800 3667       3       java.util.concurrent.ConcurrentHashMap::<init> (9 bytes)
Event: 7.011 Thread 0x000002932289c800 nmethod 3667 0x000002930d66e290 code [0x000002930d66e460, 0x000002930d66e5a8]
Event: 7.016 Thread 0x000002932289c800 3668       1       java.util.logging.Logger::getName (5 bytes)
Event: 7.016 Thread 0x000002932289c800 nmethod 3668 0x00000293144dca90 code [0x00000293144dcc40, 0x00000293144dccf8]
Event: 7.016 Thread 0x000002932289c800 3669       3       java.lang.StringConcatHelper::mixCoder (8 bytes)
Event: 7.016 Thread 0x000002932289c800 nmethod 3669 0x000002930d66e690 code [0x000002930d66e840, 0x000002930d66e9b8]
Event: 7.016 Thread 0x000002932289c800 3670       3       java.lang.StringConcatHelper::checkOverflow (16 bytes)
Event: 7.017 Thread 0x000002932289c800 nmethod 3670 0x000002930d66ea90 code [0x000002930d66ec60, 0x000002930d66ee48]
Event: 7.017 Thread 0x000002932289c800 3671       3       java.lang.StringConcatHelper::mixLen (10 bytes)
Event: 7.017 Thread 0x000002932289c800 nmethod 3671 0x000002930d66ef10 code [0x000002930d66f100, 0x000002930d66f448]

GC Heap History (11 events):
Event: 1.110 GC heap before
{Heap before GC invocations=0 (full 0):
 garbage-first heap   total 131072K, used 14336K [0x0000000081e00000, 0x0000000100000000)
  region size 1024K, 14 young (14336K), 0 survivors (0K)
 Metaspace       used 9710K, capacity 9880K, committed 10240K, reserved 1058816K
  class space    used 861K, capacity 905K, committed 1024K, reserved 1048576K
}
Event: 1.142 GC heap after
{Heap after GC invocations=1 (full 0):
 garbage-first heap   total 131072K, used 6323K [0x0000000081e00000, 0x0000000100000000)
  region size 1024K, 2 young (2048K), 2 survivors (2048K)
 Metaspace       used 9710K, capacity 9880K, committed 10240K, reserved 1058816K
  class space    used 861K, capacity 905K, committed 1024K, reserved 1048576K
}
Event: 2.905 GC heap before
{Heap before GC invocations=1 (full 0):
 garbage-first heap   total 131072K, used 53427K [0x0000000081e00000, 0x0000000100000000)
  region size 1024K, 50 young (51200K), 2 survivors (2048K)
 Metaspace       used 20703K, capacity 21145K, committed 21296K, reserved 1069056K
  class space    used 2228K, capacity 2406K, committed 2432K, reserved 1048576K
}
Event: 2.920 GC heap after
{Heap after GC invocations=2 (full 0):
 garbage-first heap   total 131072K, used 8984K [0x0000000081e00000, 0x0000000100000000)
  region size 1024K, 5 young (5120K), 5 survivors (5120K)
 Metaspace       used 20703K, capacity 21145K, committed 21296K, reserved 1069056K
  class space    used 2228K, capacity 2406K, committed 2432K, reserved 1048576K
}
Event: 3.237 GC heap before
{Heap before GC invocations=3 (full 0):
 garbage-first heap   total 131072K, used 28440K [0x0000000081e00000, 0x0000000100000000)
  region size 1024K, 24 young (24576K), 5 survivors (5120K)
 Metaspace       used 23907K, capacity 24471K, committed 24704K, reserved 1071104K
  class space    used 2635K, capacity 2853K, committed 2944K, reserved 1048576K
}
Event: 3.248 GC heap after
{Heap after GC invocations=4 (full 0):
 garbage-first heap   total 131072K, used 9501K [0x0000000081e00000, 0x0000000100000000)
  region size 1024K, 1 young (1024K), 1 survivors (1024K)
 Metaspace       used 23907K, capacity 24471K, committed 24704K, reserved 1071104K
  class space    used 2635K, capacity 2853K, committed 2944K, reserved 1048576K
}
Event: 4.647 GC heap before
{Heap before GC invocations=4 (full 0):
 garbage-first heap   total 131072K, used 62749K [0x0000000081e00000, 0x0000000100000000)
  region size 1024K, 53 young (54272K), 1 survivors (1024K)
 Metaspace       used 27167K, capacity 27792K, committed 27904K, reserved 1073152K
  class space    used 3016K, capacity 3254K, committed 3328K, reserved 1048576K
}
Event: 4.655 GC heap after
{Heap after GC invocations=5 (full 0):
 garbage-first heap   total 131072K, used 12014K [0x0000000081e00000, 0x0000000100000000)
  region size 1024K, 4 young (4096K), 4 survivors (4096K)
 Metaspace       used 27167K, capacity 27792K, committed 27904K, reserved 1073152K
  class space    used 3016K, capacity 3254K, committed 3328K, reserved 1048576K
}
Event: 6.581 GC heap before
{Heap before GC invocations=5 (full 0):
 garbage-first heap   total 131072K, used 72430K [0x0000000081e00000, 0x0000000100000000)
  region size 1024K, 63 young (64512K), 4 survivors (4096K)
 Metaspace       used 33331K, capacity 34167K, committed 34432K, reserved 1079296K
  class space    used 3851K, capacity 4189K, committed 4224K, reserved 1048576K
}
Event: 6.595 GC heap after
{Heap after GC invocations=6 (full 0):
 garbage-first heap   total 131072K, used 14527K [0x0000000081e00000, 0x0000000100000000)
  region size 1024K, 6 young (6144K), 6 survivors (6144K)
 Metaspace       used 33331K, capacity 34167K, committed 34432K, reserved 1079296K
  class space    used 3851K, capacity 4189K, committed 4224K, reserved 1048576K
}
Event: 7.019 GC heap before
{Heap before GC invocations=6 (full 0):
 garbage-first heap   total 131072K, used 24767K [0x0000000081e00000, 0x0000000100000000)
  region size 1024K, 17 young (17408K), 6 survivors (6144K)
 Metaspace       used 35063K, capacity 36023K, committed 36048K, reserved 1081344K
  class space    used 4113K, capacity 4535K, committed 4560K, reserved 1048576K
}

Deoptimization events (20 events):
Event: 6.798 Thread 0x00000293040e6800 Uncommon trap: trap_request=0xffffffde fr.pc=0x000002931443a8a0 relative=0x0000000000001260
Event: 6.798 Thread 0x00000293040e6800 Uncommon trap: reason=class_check action=maybe_recompile pc=0x000002931443a8a0 method=java.util.concurrent.ConcurrentHashMap.putVal(Ljava/lang/Object;Ljava/lang/Object;Z)Ljava/lang/Object; @ 242 c2
Event: 6.798 Thread 0x00000293040e6800 DEOPT PACKING pc=0x000002931443a8a0 sp=0x000000a88b9fda40
Event: 6.798 Thread 0x00000293040e6800 DEOPT UNPACKING pc=0x000002930c8aa1af sp=0x000000a88b9fd9d0 mode 2
Event: 6.808 Thread 0x00000293040e6800 DEOPT PACKING pc=0x000002930d60c2b0 sp=0x000000a88b9fd770
Event: 6.808 Thread 0x00000293040e6800 DEOPT UNPACKING pc=0x000002930c8aa95e sp=0x000000a88b9fcc88 mode 0
Event: 6.969 Thread 0x00000293040e6800 Uncommon trap: trap_request=0xffffffde fr.pc=0x000002931447fb68 relative=0x0000000000001b68
Event: 6.969 Thread 0x00000293040e6800 Uncommon trap: reason=class_check action=maybe_recompile pc=0x000002931447fb68 method=org.springframework.core.ResolvableType.resolveType()Lorg/springframework/core/ResolvableType; @ 101 c2
Event: 6.969 Thread 0x00000293040e6800 DEOPT PACKING pc=0x000002931447fb68 sp=0x000000a88b9fcc00
Event: 6.969 Thread 0x00000293040e6800 DEOPT UNPACKING pc=0x000002930c8aa1af sp=0x000000a88b9fcc08 mode 2
Event: 6.991 Thread 0x00000293040e6800 Uncommon trap: trap_request=0xffffff4d fr.pc=0x000002931447041c relative=0x000000000000025c
Event: 6.991 Thread 0x00000293040e6800 Uncommon trap: reason=unstable_if action=reinterpret pc=0x000002931447041c method=java.util.LinkedHashMap.get(Ljava/lang/Object;)Ljava/lang/Object; @ 20 c2
Event: 6.991 Thread 0x00000293040e6800 DEOPT PACKING pc=0x000002931447041c sp=0x000000a88b9fe5f0
Event: 6.991 Thread 0x00000293040e6800 DEOPT UNPACKING pc=0x000002930c8aa1af sp=0x000000a88b9fe5a8 mode 2
Event: 6.993 Thread 0x00000293040e6800 DEOPT PACKING pc=0x000002930d60c2b0 sp=0x000000a88b9fc990
Event: 6.993 Thread 0x00000293040e6800 DEOPT UNPACKING pc=0x000002930c8aa95e sp=0x000000a88b9fbea8 mode 0
Event: 7.002 Thread 0x00000293040e6800 Uncommon trap: trap_request=0xffffff4d fr.pc=0x000002931443591c relative=0x000000000000055c
Event: 7.002 Thread 0x00000293040e6800 Uncommon trap: reason=unstable_if action=reinterpret pc=0x000002931443591c method=java.util.Properties.loadConvert([CIILjava/lang/StringBuilder;)Ljava/lang/String; @ 26 c2
Event: 7.002 Thread 0x00000293040e6800 DEOPT PACKING pc=0x000002931443591c sp=0x000000a88b9fe030
Event: 7.002 Thread 0x00000293040e6800 DEOPT UNPACKING pc=0x000002930c8aa1af sp=0x000000a88b9fdfc8 mode 2

Classes redefined (0 events):
No events

Internal exceptions (20 events):
Event: 6.366 Thread 0x00000293040e6800 Exception <a 'java/lang/ClassNotFoundException'{0x0000000086416e60}: org/springframework/beans/factory/BeanFactoryAwareCustomizer> (0x0000000086416e60) thrown at [./src/hotspot/share/classfile/systemDictionary.cpp, line 230]
Event: 6.368 Thread 0x00000293040e6800 Exception <a 'java/lang/ClassNotFoundException'{0x00000000864263d8}: org/springframework/beans/factory/AwareCustomizer> (0x00000000864263d8) thrown at [./src/hotspot/share/classfile/systemDictionary.cpp, line 230]
Event: 6.369 Thread 0x00000293040e6800 Exception <a 'java/lang/ClassNotFoundException'{0x00000000864335b0}: org/springframework/core/OrderedCustomizer> (0x00000000864335b0) thrown at [./src/hotspot/share/classfile/systemDictionary.cpp, line 230]
Event: 6.369 Thread 0x00000293040e6800 Exception <a 'java/lang/ClassNotFoundException'{0x0000000086444628}: org/springframework/beans/factory/BeanClassLoaderAwareCustomizer> (0x0000000086444628) thrown at [./src/hotspot/share/classfile/systemDictionary.cpp, line 230]
Event: 6.370 Thread 0x00000293040e6800 Exception <a 'java/lang/ClassNotFoundException'{0x00000000864536a0}: org/springframework/beans/factory/AwareCustomizer> (0x00000000864536a0) thrown at [./src/hotspot/share/classfile/systemDictionary.cpp, line 230]
Event: 6.371 Thread 0x00000293040e6800 Exception <a 'java/lang/ClassNotFoundException'{0x0000000086463898}: org/springframework/aop/framework/AopInfrastructureBeanCustomizer> (0x0000000086463898) thrown at [./src/hotspot/share/classfile/systemDictionary.cpp, line 230]
Event: 6.465 Thread 0x00000293040e6800 Exception <a 'java/lang/ClassNotFoundException'{0x000000008628fdc0}: java/lang/ObjectCustomizer> (0x000000008628fdc0) thrown at [./src/hotspot/share/classfile/systemDictionary.cpp, line 230]
Event: 6.466 Thread 0x00000293040e6800 Exception <a 'java/lang/ClassNotFoundException'{0x00000000862a7808}: org/springframework/transaction/annotation/AbstractTransactionManagementConfigurationCustomizer> (0x00000000862a7808) thrown at [./src/hotspot/share/classfile/systemDictionary.cpp, line 230]
Event: 6.467 Thread 0x00000293040e6800 Exception <a 'java/lang/ClassNotFoundException'{0x00000000862be000}: org/springframework/transaction/annotation/ProxyTransactionManagementConfigurationCustomizer> (0x00000000862be000) thrown at [./src/hotspot/share/classfile/systemDictionary.cpp, line 230]
Event: 6.469 Thread 0x00000293040e6800 Exception <a 'java/lang/ClassNotFoundException'{0x00000000862d19b8}: org/springframework/context/annotation/ImportAwareCustomizer> (0x00000000862d19b8) thrown at [./src/hotspot/share/classfile/systemDictionary.cpp, line 230]
Event: 6.470 Thread 0x00000293040e6800 Exception <a 'java/lang/ClassNotFoundException'{0x00000000862e0a20}: org/springframework/beans/factory/AwareCustomizer> (0x00000000862e0a20) thrown at [./src/hotspot/share/classfile/systemDictionary.cpp, line 230]
Event: 6.648 Thread 0x00000293040e6800 Implicit null exception at 0x000002931443156e to 0x0000029314432734
Event: 6.695 Thread 0x00000293040e6800 Exception <a 'java/lang/NoSuchMethodError'{0x0000000089cb9e20}: 'int java.lang.invoke.DirectMethodHandle$Holder.invokeSpecial(java.lang.Object, java.lang.Object, java.lang.Object, java.lang.Object, java.lang.Object)'> (0x0000000089cb9e20) thrown at [./src/hotspot/share/interpreter/linkResolver.cpp, line 773]
Event: 6.776 Thread 0x00000293040e6800 Implicit null exception at 0x00000293144872cf to 0x0000029314487718
Event: 6.780 Thread 0x00000293040e6800 Exception <a 'java/lang/NoSuchMethodError'{0x00000000899095a8}: 'void java.lang.invoke.DelegatingMethodHandle$Holder.delegate(java.lang.Object, java.lang.Object, int, java.lang.Object)'> (0x00000000899095a8) thrown at [./src/hotspot/share/interpreter/linkResolver.cpp, line 773]
Event: 6.829 Thread 0x00000293040e6800 Exception <a 'java/lang/NoSuchMethodError'{0x0000000089818be0}: 'void java.lang.invoke.DirectMethodHandle$Holder.invokeInterface(java.lang.Object, java.lang.Object, int)'> (0x0000000089818be0) thrown at [./src/hotspot/share/interpreter/linkResolver.cpp, line 773]
Event: 6.833 Thread 0x00000293040e6800 Exception <a 'java/lang/NoSuchMethodError'{0x0000000089831598}: 'int java.lang.invoke.DirectMethodHandle$Holder.invokeVirtual(java.lang.Object, java.lang.Object)'> (0x0000000089831598) thrown at [./src/hotspot/share/interpreter/linkResolver.cpp, line 773]
Event: 6.843 Thread 0x00000293040e6800 Exception <a 'java/lang/IncompatibleClassChangeError'{0x0000000089867178}: Found class java.lang.Object, but interface was expected> (0x0000000089867178) thrown at [./src/hotspot/share/interpreter/linkResolver.cpp, line 839]
Event: 6.844 Thread 0x00000293040e6800 Exception <a 'java/lang/NoSuchMethodError'{0x000000008986c320}: 'void java.lang.invoke.DirectMethodHandle$Holder.invokeStatic(java.lang.Object, int, java.lang.Object)'> (0x000000008986c320) thrown at [./src/hotspot/share/interpreter/linkResolver.cpp, line 773]
Event: 6.907 Thread 0x00000293040e6800 Exception <a 'java/lang/NoSuchMethodError'{0x000000008966db40}: 'void java.lang.invoke.DirectMethodHandle$Holder.invokeStatic(java.lang.Object, java.lang.Object, int)'> (0x000000008966db40) thrown at [./src/hotspot/share/interpreter/linkResolver.cpp, line 773]

Events (20 events):
Event: 7.016 loading class java/net/UnixDomainSocketAddress
Event: 7.016 loading class java/net/UnixDomainSocketAddress done
Event: 7.016 loading class java/lang/WrongThreadException
Event: 7.016 loading class java/lang/WrongThreadException done
Event: 7.016 loading class java/lang/Thread$Builder
Event: 7.016 loading class java/lang/Thread$Builder done
Event: 7.016 loading class java/lang/foreign/MemorySegment
Event: 7.016 loading class java/lang/foreign/MemorySegment done
Event: 7.017 loading class javax/net/ssl/SSLParameters
Event: 7.017 loading class javax/net/ssl/SSLParameters done
Event: 7.018 loading class java/security/AlgorithmConstraints
Event: 7.018 loading class java/security/AlgorithmConstraints done
Event: 7.018 loading class javax/net/ssl/SSLEngine
Event: 7.018 loading class javax/net/ssl/SSLEngine done
Event: 7.018 loading class javax/net/ssl/SSLEngineResult
Event: 7.018 loading class javax/net/ssl/SSLEngineResult done
Event: 7.018 loading class javax/net/ssl/SSLException
Event: 7.018 loading class javax/net/ssl/SSLException done
Event: 7.018 loading class javax/net/ssl/SSLSession
Event: 7.019 Executing VM operation: CollectForMetadataAllocation


Dynamic libraries:
0x00007ff79dd20000 - 0x00007ff79dd2d000 	C:\Users\ADMIN\.jdks\corretto-11.0.18\bin\java.exe
0x00007ff9807b0000 - 0x00007ff9809a8000 	C:\Windows\SYSTEM32\ntdll.dll
0x00007ff97ed70000 - 0x00007ff97ee2d000 	C:\Windows\System32\KERNEL32.DLL
0x00007ff97dfe0000 - 0x00007ff97e2d6000 	C:\Windows\System32\KERNELBASE.dll
0x00007ff97e710000 - 0x00007ff97e810000 	C:\Windows\System32\ucrtbase.dll
0x00007ff963160000 - 0x00007ff963177000 	C:\Users\ADMIN\.jdks\corretto-11.0.18\bin\jli.dll
0x00007ff980390000 - 0x00007ff98052e000 	C:\Windows\System32\USER32.dll
0x00007ff97e4d0000 - 0x00007ff97e4f2000 	C:\Windows\System32\win32u.dll
0x00007ff97ef50000 - 0x00007ff97ef7c000 	C:\Windows\System32\GDI32.dll
0x00007ff97de90000 - 0x00007ff97dfaa000 	C:\Windows\System32\gdi32full.dll
0x00007ff97e5c0000 - 0x00007ff97e65d000 	C:\Windows\System32\msvcp_win.dll
0x00007ff95f7e0000 - 0x00007ff95f7f9000 	C:\Users\ADMIN\.jdks\corretto-11.0.18\bin\VCRUNTIME140.dll
0x00007ff965780000 - 0x00007ff965a1a000 	C:\Windows\WinSxS\amd64_microsoft.windows.common-controls_6595b64144ccf1df_6.0.19041.3636_none_60b6a03d71f818d5\COMCTL32.dll
0x00007ff980590000 - 0x00007ff98062e000 	C:\Windows\System32\msvcrt.dll
0x00007ff97f790000 - 0x00007ff97f7c0000 	C:\Windows\System32\IMM32.DLL
0x00007ff95e800000 - 0x00007ff95e89b000 	C:\Users\ADMIN\.jdks\corretto-11.0.18\bin\msvcp140.dll
0x00007ff928020000 - 0x00007ff928baa000 	C:\Users\ADMIN\.jdks\corretto-11.0.18\bin\server\jvm.dll
0x00007ff97f130000 - 0x00007ff97f1df000 	C:\Windows\System32\ADVAPI32.dll
0x00007ff9802f0000 - 0x00007ff98038c000 	C:\Windows\System32\sechost.dll
0x00007ff9801b0000 - 0x00007ff9802d6000 	C:\Windows\System32\RPCRT4.dll
0x00007ff9801a0000 - 0x00007ff9801a8000 	C:\Windows\System32\PSAPI.DLL
0x00007ff966360000 - 0x00007ff966369000 	C:\Windows\SYSTEM32\WSOCK32.dll
0x00007ff97ffa0000 - 0x00007ff98000b000 	C:\Windows\System32\WS2_32.dll
0x00007ff964920000 - 0x00007ff964947000 	C:\Windows\SYSTEM32\WINMM.dll
0x00007ff971d10000 - 0x00007ff971d1a000 	C:\Windows\SYSTEM32\VERSION.dll
0x00007ff97c6e0000 - 0x00007ff97c6f2000 	C:\Windows\SYSTEM32\kernel.appcore.dll
0x00007ff965050000 - 0x00007ff965060000 	C:\Users\ADMIN\.jdks\corretto-11.0.18\bin\verify.dll
0x00007ff9793b0000 - 0x00007ff979594000 	C:\Windows\SYSTEM32\DBGHELP.DLL
0x00007ff975360000 - 0x00007ff975394000 	C:\Windows\SYSTEM32\dbgcore.DLL
0x00007ff97e440000 - 0x00007ff97e4c2000 	C:\Windows\System32\bcryptPrimitives.dll
0x00007ff95e7d0000 - 0x00007ff95e7f8000 	C:\Users\ADMIN\.jdks\corretto-11.0.18\bin\java.dll
0x00007ff963e20000 - 0x00007ff963e2a000 	C:\Users\ADMIN\.jdks\corretto-11.0.18\bin\jimage.dll
0x00007ff976210000 - 0x00007ff97621e000 	C:\Users\ADMIN\.jdks\corretto-11.0.18\bin\instrument.dll
0x00007ff95f780000 - 0x00007ff95f798000 	C:\Users\ADMIN\.jdks\corretto-11.0.18\bin\zip.dll
0x00007ff97f7c0000 - 0x00007ff97ff04000 	C:\Windows\System32\SHELL32.dll
0x00007ff978b40000 - 0x00007ff9792db000 	C:\Windows\SYSTEM32\windows.storage.dll
0x00007ff97e940000 - 0x00007ff97ec94000 	C:\Windows\System32\combase.dll
0x00007ff97d860000 - 0x00007ff97d88d000 	C:\Windows\SYSTEM32\Wldp.dll
0x00007ff97e890000 - 0x00007ff97e93d000 	C:\Windows\System32\SHCORE.dll
0x00007ff97f730000 - 0x00007ff97f785000 	C:\Windows\System32\shlwapi.dll
0x00007ff97ddc0000 - 0x00007ff97dde5000 	C:\Windows\SYSTEM32\profapi.dll
0x00007ff95e7b0000 - 0x00007ff95e7c9000 	C:\Users\ADMIN\.jdks\corretto-11.0.18\bin\net.dll
0x00007ff9789b0000 - 0x00007ff978aba000 	C:\Windows\SYSTEM32\WINHTTP.dll
0x00007ff97d5c0000 - 0x00007ff97d62a000 	C:\Windows\system32\mswsock.dll
0x00007ff95e790000 - 0x00007ff95e7a3000 	C:\Users\ADMIN\.jdks\corretto-11.0.18\bin\nio.dll
0x00007ff973140000 - 0x00007ff97315a000 	C:\Program Files\JetBrains\IntelliJ IDEA Community Edition 2022.2.3\bin\breakgen64.dll
0x00007ff976050000 - 0x00007ff976059000 	C:\Users\ADMIN\.jdks\corretto-11.0.18\bin\management.dll
0x00007ff973080000 - 0x00007ff97308b000 	C:\Users\ADMIN\.jdks\corretto-11.0.18\bin\management_ext.dll
0x00007ff948700000 - 0x00007ff948717000 	C:\Windows\system32\napinsp.dll
0x00007ff946c50000 - 0x00007ff946c6b000 	C:\Windows\system32\pnrpnsp.dll
0x00007ff974f60000 - 0x00007ff974f75000 	C:\Windows\system32\wshbth.dll
0x00007ff975f70000 - 0x00007ff975f8d000 	C:\Windows\system32\NLAapi.dll
0x00007ff97d2b0000 - 0x00007ff97d2eb000 	C:\Windows\SYSTEM32\IPHLPAPI.DLL
0x00007ff97d2f0000 - 0x00007ff97d3ba000 	C:\Windows\SYSTEM32\DNSAPI.dll
0x00007ff9802e0000 - 0x00007ff9802e8000 	C:\Windows\System32\NSI.dll
0x00007ff946ba0000 - 0x00007ff946bb2000 	C:\Windows\System32\winrnr.dll
0x00007ff971d00000 - 0x00007ff971d0a000 	C:\Windows\System32\rasadhlp.dll
0x00007ff96b5e0000 - 0x00007ff96b660000 	C:\Windows\System32\fwpuclnt.dll
0x00007ff97dfb0000 - 0x00007ff97dfd7000 	C:\Windows\System32\bcrypt.dll

dbghelp: loaded successfully - version: 4.0.5 - missing functions: none
symbol engine: initialized successfully - sym options: 0x614 - pdb path: .;C:\Users\ADMIN\.jdks\corretto-11.0.18\bin;C:\Windows\SYSTEM32;C:\Windows\WinSxS\amd64_microsoft.windows.common-controls_6595b64144ccf1df_6.0.19041.3636_none_60b6a03d71f818d5;C:\Users\ADMIN\.jdks\corretto-11.0.18\bin\server;C:\Program Files\JetBrains\IntelliJ IDEA Community Edition 2022.2.3\bin

VM Arguments:
jvm_args: -javaagent:C:\Program Files\JetBrains\IntelliJ IDEA Community Edition 2022.2.3\lib\idea_rt.jar=53593:C:\Program Files\JetBrains\IntelliJ IDEA Community Edition 2022.2.3\bin -Dfile.encoding=UTF-8 
java_command: com.emi.medicalimageprocessing.MedicalimageprocessingApplication
java_class_path (initial): C:\Users\ADMIN\Downloads\MedVIsoor\medicalimageprocessing\target\classes;C:\Users\ADMIN\.m2\repository\org\springframework\boot\spring-boot-starter-data-jpa\2.7.17\spring-boot-starter-data-jpa-2.7.17.jar;C:\Users\ADMIN\.m2\repository\org\springframework\boot\spring-boot-starter-aop\2.7.17\spring-boot-starter-aop-2.7.17.jar;C:\Users\ADMIN\.m2\repository\org\aspectj\aspectjweaver\1.9.7\aspectjweaver-1.9.7.jar;C:\Users\ADMIN\.m2\repository\org\springframework\boot\spring-boot-starter-jdbc\2.7.17\spring-boot-starter-jdbc-2.7.17.jar;C:\Users\ADMIN\.m2\repository\com\zaxxer\HikariCP\4.0.3\HikariCP-4.0.3.jar;C:\Users\ADMIN\.m2\repository\org\springframework\spring-jdbc\5.3.30\spring-jdbc-5.3.30.jar;C:\Users\ADMIN\.m2\repository\jakarta\transaction\jakarta.transaction-api\1.3.3\jakarta.transaction-api-1.3.3.jar;C:\Users\ADMIN\.m2\repository\jakarta\persistence\jakarta.persistence-api\2.2.3\jakarta.persistence-api-2.2.3.jar;C:\Users\ADMIN\.m2\repository\org\hibernate\hibernate-core\5.6.15.Final\hibernate-core-5.6.15.Final.jar;C:\Users\ADMIN\.m2\repository\org\jboss\logging\jboss-logging\3.4.3.Final\jboss-logging-3.4.3.Final.jar;C:\Users\ADMIN\.m2\repository\net\bytebuddy\byte-buddy\1.12.23\byte-buddy-1.12.23.jar;C:\Users\ADMIN\.m2\repository\antlr\antlr\2.7.7\antlr-2.7.7.jar;C:\Users\ADMIN\.m2\repository\org\jboss\jandex\2.4.2.Final\jandex-2.4.2.Final.jar;C:\Users\ADMIN\.m2\repository\org\hibernate\common\hibernate-commons-annotations\5.1.2.Final\hibernate-commons-annotations-5.1.2.Final.jar;C:\Users\ADMIN\.m2\repository\org\glassfish\jaxb\jaxb-runtime\2.3.8\jaxb-runtime-2.3.8.jar;C:\Users\ADMIN\.m2\repository\org\glassfish\jaxb\txw2\2.3.8\txw2-2.3.8.jar;C:\Users\ADMIN\.m2\repository\com\sun\istack\istack-commons-runtime\3.0.12\istack-commons-runtime-3.0.12.jar;C:\Users\ADMIN\.m2\repository\com\sun\activation\jakarta.activation\1.2.2\jakarta.activation-1.2.2.jar;C:\Users\ADMIN\.m2\repository\org\springframework\data\spring-data-jpa\2.7.17\spring-
Launcher Type: SUN_STANDARD

[Global flags]
     intx CICompilerCount                          = 3                                         {product} {ergonomic}
     uint ConcGCThreads                            = 1                                         {product} {ergonomic}
     uint G1ConcRefinementThreads                  = 4                                         {product} {ergonomic}
   size_t G1HeapRegionSize                         = 1048576                                   {product} {ergonomic}
    uintx GCDrainStackTargetSize                   = 64                                        {product} {ergonomic}
   size_t InitialHeapSize                          = 134217728                                 {product} {ergonomic}
   size_t MarkStackSize                            = 4194304                                   {product} {ergonomic}
   size_t MaxHeapSize                              = 2116026368                                {product} {ergonomic}
   size_t MaxNewSize                               = 1268776960                                {product} {ergonomic}
   size_t MinHeapDeltaBytes                        = 1048576                                   {product} {ergonomic}
    uintx NonNMethodCodeHeapSize                   = 5830732                                {pd product} {ergonomic}
    uintx NonProfiledCodeHeapSize                  = 122913754                              {pd product} {ergonomic}
    uintx ProfiledCodeHeapSize                     = 122913754                              {pd product} {ergonomic}
    uintx ReservedCodeCacheSize                    = 251658240                              {pd product} {ergonomic}
     bool SegmentedCodeCache                       = true                                      {product} {ergonomic}
     bool UseCompressedClassPointers               = true                                 {lp64_product} {ergonomic}
     bool UseCompressedOops                        = true                                 {lp64_product} {ergonomic}
     bool UseG1GC                                  = true                                      {product} {ergonomic}
     bool UseLargePagesIndividualAllocation        = false                                  {pd product} {ergonomic}

Logging:
Log output configuration:
 #0: stdout all=warning uptime,level,tags
 #1: stderr all=off uptime,level,tags

Environment Variables:
PATH=C:\Program Files (x86)\Common Files\Oracle\Java\javapath;C:\Program Files (x86)\VMware\VMware Workstation\bin\;C:\Program Files\Java\jdk1.8.0_351\bin;C:\Windows\system32;C:\Windows;C:\Windows\System32\Wbem;C:\Windows\System32\WindowsPowerShell\v1.0\;C:\Windows\System32\OpenSSH\;C:\Program Files (x86)\Intel\Intel(R) Management Engine Components\DAL;C:\Program Files\Intel\Intel(R) Management Engine Components\DAL;C:\MinGW\bin;C:\Program Files\MySQL\MySQL Server 8.0\bin;C:\Program Files\dotnet\;C:\Program Files\Git\cmd;C:\Program Files\nodejs\;C:\Users\ADMIN\.amplify\bin;C:\Program Files\Java\jdk1.8.0_351\bin;C:\Users\ADMIN\AppData\Local\Microsoft\WindowsApps;C:\Users\ADMIN\AppData\Local\Programs\Microsoft VS Code\bin;C:\Program Files\JetBrains\IntelliJ IDEA Community Edition 2022.2.3\bin;;C:\Users\ADMIN\AppData\Local\GitHubDesktop\bin;C:\Users\ADMIN\AppData\Roaming\npm;C:\apache-maven-3.9.5\bin;
USERNAME=ADMIN
OS=Windows_NT
PROCESSOR_IDENTIFIER=Intel64 Family 6 Model 142 Stepping 9, GenuineIntel
TMP=C:\Users\ADMIN\AppData\Local\Temp
TEMP=C:\Users\ADMIN\AppData\Local\Temp



---------------  S Y S T E M  ---------------

OS: Windows 10 , 64 bit Build 19041 (10.0.19041.3636)
OS uptime: 1 days 18:44 hours

CPU:total 4 (initial active 4) (2 cores per cpu, 2 threads per core) family 6 model 142 stepping 9 microcode 0xec, cmov, cx8, fxsr, mmx, sse, sse2, sse3, ssse3, sse4.1, sse4.2, popcnt, avx, avx2, aes, clmul, erms, 3dnowpref, lzcnt, ht, tsc, tscinvbit, bmi1, bmi2, adx, fma

Memory: 4k page, system-wide physical 8067M (847M free)
TotalPageFile size 10115M (AvailPageFile size 18M)
current process WorkingSet (physical memory assigned to process): 194M, peak: 197M
current process commit charge ("private bytes"): 276M, peak: 302M

vm_info: OpenJDK 64-Bit Server VM (11.0.18+10-LTS) for windows-amd64 JRE (11.0.18+10-LTS), built on Jan 10 2023 20:17:52 by "Administrator" with MS VC++ 15.9 (VS2017)

END.
