#
# There is insufficient memory for the Java Runtime Environment to continue.
# Native memory allocation (malloc) failed to allocate 1339216 bytes for Chunk::new
# Possible reasons:
#   The system is out of physical RAM or swap space
#   The process is running with CompressedOops enabled, and the Java Heap may be blocking the growth of the native heap
# Possible solutions:
#   Reduce memory load on the system
#   Increase physical memory or swap space
#   Check if swap backing store is full
#   Decrease Java heap size (-Xmx/-Xms)
#   Decrease number of Java threads
#   Decrease Java thread stack sizes (-Xss)
#   Set larger code cache with -XX:ReservedCodeCacheSize=
#   JVM is running with Unscaled Compressed Oops mode in which the Java heap is
#     placed in the first 4GB address space. The Java Heap base address is the
#     maximum limit for the native heap growth. Please use -XX:HeapBaseMinAddress
#     to set the Java Heap base and to place the Java Heap above 4GB virtual address.
# This output file may be truncated or incomplete.
#
#  Out of Memory Error (./src/hotspot/share/memory/arena.cpp:197), pid=13716, tid=4472
#
# JRE version: OpenJDK Runtime Environment Corretto-11.0.18.10.1 (11.0.18+10) (build 11.0.18+10-LTS)
# Java VM: OpenJDK 64-Bit Server VM Corretto-11.0.18.10.1 (11.0.18+10-LTS, mixed mode, tiered, compressed oops, g1 gc, windows-amd64)
# No core dump will be written. Minidumps are not enabled by default on client versions of Windows
#

---------------  S U M M A R Y ------------

Command Line: -javaagent:C:\Program Files\JetBrains\IntelliJ IDEA Community Edition 2022.2.3\lib\idea_rt.jar=53574:C:\Program Files\JetBrains\IntelliJ IDEA Community Edition 2022.2.3\bin -Dfile.encoding=UTF-8 com.emi.medicalimageprocessing.MedicalimageprocessingApplication

Host: Intel(R) Core(TM) i5-7200U CPU @ 2.50GHz, 4 cores, 7G,  Windows 10 , 64 bit Build 19041 (10.0.19041.3636)
Time: Wed Dec  6 09:31:29 2023 Maroc (heure d64 bit Build 19041 (10.0.19041.3636) elapsed time: 7.523498 seconds (0d 0h 0m 7s)

---------------  T H R E A D  ---------------

Current thread (0x000001c228eb4000):  JavaThread "C2 CompilerThread0" daemon [_thread_in_native, id=4472, stack(0x0000008c02600000,0x0000008c02700000)]


Current CompileTask:
C2:   7523 3228       4       org.springframework.beans.factory.support.AbstractBeanFactory::isTypeMatch (607 bytes)

Stack: [0x0000008c02600000,0x0000008c02700000]
Native frames: (J=compiled Java code, j=interpreted, Vv=VM code, C=native code)
V  [jvm.dll+0x622d9a]
V  [jvm.dll+0x7b0289]
V  [jvm.dll+0x7b1978]
V  [jvm.dll+0x7b2053]
V  [jvm.dll+0x24fe08]
V  [jvm.dll+0xc264c]
V  [jvm.dll+0xc2c0c]
V  [jvm.dll+0x35c7e7]
V  [jvm.dll+0x328783]
V  [jvm.dll+0x327aba]
V  [jvm.dll+0x2092c3]
V  [jvm.dll+0x20841d]
V  [jvm.dll+0x18a3c1]
V  [jvm.dll+0x217ac4]
V  [jvm.dll+0x215d0b]
V  [jvm.dll+0x772d90]
V  [jvm.dll+0x76bcc4]
V  [jvm.dll+0x621c05]
C  [ucrtbase.dll+0x21bb2]
C  [KERNEL32.DLL+0x17344]
C  [ntdll.dll+0x526b1]


---------------  P R O C E S S  ---------------

Threads class SMR info:
_java_thread_list=0x000001c22b099500, length=12, elements={
0x000001c20a70d800, 0x000001c228e94800, 0x000001c228e95800, 0x000001c229842800,
0x000001c228eaa800, 0x000001c228eae800, 0x000001c228eb4000, 0x000001c228eb9000,
0x000001c228ebf800, 0x000001c22999a000, 0x000001c229b80000, 0x000001c22ab6c000
}

Java Threads: ( => current thread )
  0x000001c20a70d800 JavaThread "main" [_thread_in_Java, id=18144, stack(0x0000008c01a00000,0x0000008c01b00000)]
  0x000001c228e94800 JavaThread "Reference Handler" daemon [_thread_blocked, id=15172, stack(0x0000008c02100000,0x0000008c02200000)]
  0x000001c228e95800 JavaThread "Finalizer" daemon [_thread_blocked, id=1608, stack(0x0000008c02200000,0x0000008c02300000)]
  0x000001c229842800 JavaThread "Signal Dispatcher" daemon [_thread_blocked, id=7336, stack(0x0000008c02300000,0x0000008c02400000)]
  0x000001c228eaa800 JavaThread "Attach Listener" daemon [_thread_blocked, id=15140, stack(0x0000008c02400000,0x0000008c02500000)]
  0x000001c228eae800 JavaThread "Service Thread" daemon [_thread_blocked, id=17616, stack(0x0000008c02500000,0x0000008c02600000)]
=>0x000001c228eb4000 JavaThread "C2 CompilerThread0" daemon [_thread_in_native, id=4472, stack(0x0000008c02600000,0x0000008c02700000)]
  0x000001c228eb9000 JavaThread "C1 CompilerThread0" daemon [_thread_blocked, id=18456, stack(0x0000008c02700000,0x0000008c02800000)]
  0x000001c228ebf800 JavaThread "Sweeper thread" daemon [_thread_blocked, id=8648, stack(0x0000008c02800000,0x0000008c02900000)]
  0x000001c22999a000 JavaThread "Common-Cleaner" daemon [_thread_blocked, id=15936, stack(0x0000008c02900000,0x0000008c02a00000)]
  0x000001c229b80000 JavaThread "Monitor Ctrl-Break" daemon [_thread_in_native, id=18756, stack(0x0000008c02a00000,0x0000008c02b00000)]
  0x000001c22ab6c000 JavaThread "C2 CompilerThread1" daemon [_thread_in_native, id=4600, stack(0x0000008c02c00000,0x0000008c02d00000)]

Other Threads:
  0x000001c228e6c800 VMThread "VM Thread" [stack: 0x0000008c02000000,0x0000008c02100000] [id=12600]
  0x000001c229eea000 WatcherThread [stack: 0x0000008c02b00000,0x0000008c02c00000] [id=11972]
  0x000001c20a725800 GCTaskThread "GC Thread#0" [stack: 0x0000008c01b00000,0x0000008c01c00000] [id=5732]
  0x000001c22a204000 GCTaskThread "GC Thread#1" [stack: 0x0000008c02d00000,0x0000008c02e00000] [id=3948]
  0x000001c22a204800 GCTaskThread "GC Thread#2" [stack: 0x0000008c02e00000,0x0000008c02f00000] [id=9364]
  0x000001c22a8f2000 GCTaskThread "GC Thread#3" [stack: 0x0000008c03000000,0x0000008c03100000] [id=17492]
  0x000001c20a753800 ConcurrentGCThread "G1 Main Marker" [stack: 0x0000008c01c00000,0x0000008c01d00000] [id=9140]
  0x000001c20a756000 ConcurrentGCThread "G1 Conc#0" [stack: 0x0000008c01d00000,0x0000008c01e00000] [id=19136]
  0x000001c228ce0800 ConcurrentGCThread "G1 Refine#0" [stack: 0x0000008c01e00000,0x0000008c01f00000] [id=11800]
  0x000001c229f90000 ConcurrentGCThread "G1 Refine#1" [stack: 0x0000008c02f00000,0x0000008c03000000] [id=8556]
  0x000001c228ce1800 ConcurrentGCThread "G1 Young RemSet Sampling" [stack: 0x0000008c01f00000,0x0000008c02000000] [id=8640]

Threads with active compile tasks:
C2 CompilerThread0     7595 3228       4       org.springframework.beans.factory.support.AbstractBeanFactory::isTypeMatch (607 bytes)
C1 CompilerThread0     7595 3261       3       org.springframework.core.annotation.AttributeMethods::lambda$static$0 (30 bytes)
C2 CompilerThread1     7595 3189   !   4       jdk.internal.loader.BuiltinClassLoader::loadClassOrNull (143 bytes)

VM state:not at safepoint (normal execution)

VM Mutex/Monitor currently owned by a thread:  ([mutex/lock_event])
[0x000001c20a6fec30] CodeCache_lock - owner thread: 0x0000000000000000

Heap address: 0x0000000081e00000, size: 2018 MB, Compressed Oops mode: 32-bit
Narrow klass base: 0x0000000000000000, Narrow klass shift: 3
Compressed class space size: 1073741824 Address: 0x0000000100000000

Heap:
 garbage-first heap   total 131072K, used 31227K [0x0000000081e00000, 0x0000000100000000)
  region size 1024K, 26 young (26624K), 7 survivors (7168K)
 Metaspace       used 30695K, capacity 31472K, committed 31664K, reserved 1077248K
  class space    used 3488K, capacity 3815K, committed 3840K, reserved 1048576K
Heap Regions: E=young(eden), S=young(survivor), O=old, HS=humongous(starts), HC=humongous(continues), CS=collection set, F=free, A=archive, TAMS=top-at-mark-start (previous, next)
|   0|0x0000000081e00000, 0x0000000081f00000, 0x0000000081f00000|100%|HS|  |TAMS 0x0000000081f00000, 0x0000000081e00000| Complete 
|   1|0x0000000081f00000, 0x0000000082000000, 0x0000000082000000|100%| O|  |TAMS 0x0000000082000000, 0x0000000081f00000| Untracked 
|   2|0x0000000082000000, 0x0000000082100000, 0x0000000082100000|100%| O|  |TAMS 0x0000000082100000, 0x0000000082000000| Untracked 
|   3|0x0000000082100000, 0x0000000082200000, 0x0000000082200000|100%| O|  |TAMS 0x0000000082200000, 0x0000000082100000| Untracked 
|   4|0x0000000082200000, 0x0000000082300000, 0x0000000082300000|100%| O|  |TAMS 0x0000000082300000, 0x0000000082200000| Untracked 
|   5|0x0000000082300000, 0x0000000082400000, 0x0000000082400000|100%| O|  |TAMS 0x0000000082400000, 0x0000000082300000| Untracked 
|   6|0x0000000082400000, 0x0000000082446000, 0x0000000082500000| 27%| O|  |TAMS 0x0000000082446000, 0x0000000082400000| Untracked 
|   7|0x0000000082500000, 0x0000000082500000, 0x0000000082600000|  0%| F|  |TAMS 0x0000000082500000, 0x0000000082500000| Untracked 
|   8|0x0000000082600000, 0x0000000082600000, 0x0000000082700000|  0%| F|  |TAMS 0x0000000082600000, 0x0000000082600000| Untracked 
|   9|0x0000000082700000, 0x0000000082700000, 0x0000000082800000|  0%| F|  |TAMS 0x0000000082700000, 0x0000000082700000| Untracked 
|  10|0x0000000082800000, 0x0000000082800000, 0x0000000082900000|  0%| F|  |TAMS 0x0000000082800000, 0x0000000082800000| Untracked 
|  11|0x0000000082900000, 0x0000000082900000, 0x0000000082a00000|  0%| F|  |TAMS 0x0000000082900000, 0x0000000082900000| Untracked 
|  12|0x0000000082a00000, 0x0000000082a00000, 0x0000000082b00000|  0%| F|  |TAMS 0x0000000082a00000, 0x0000000082a00000| Untracked 
|  13|0x0000000082b00000, 0x0000000082b00000, 0x0000000082c00000|  0%| F|  |TAMS 0x0000000082b00000, 0x0000000082b00000| Untracked 
|  14|0x0000000082c00000, 0x0000000082c00000, 0x0000000082d00000|  0%| F|  |TAMS 0x0000000082c00000, 0x0000000082c00000| Untracked 
|  15|0x0000000082d00000, 0x0000000082d00000, 0x0000000082e00000|  0%| F|  |TAMS 0x0000000082d00000, 0x0000000082d00000| Untracked 
|  16|0x0000000082e00000, 0x0000000082e00000, 0x0000000082f00000|  0%| F|  |TAMS 0x0000000082e00000, 0x0000000082e00000| Untracked 
|  17|0x0000000082f00000, 0x0000000082f00000, 0x0000000083000000|  0%| F|  |TAMS 0x0000000082f00000, 0x0000000082f00000| Untracked 
|  18|0x0000000083000000, 0x0000000083000000, 0x0000000083100000|  0%| F|  |TAMS 0x0000000083000000, 0x0000000083000000| Untracked 
|  19|0x0000000083100000, 0x0000000083100000, 0x0000000083200000|  0%| F|  |TAMS 0x0000000083100000, 0x0000000083100000| Untracked 
|  20|0x0000000083200000, 0x0000000083200000, 0x0000000083300000|  0%| F|  |TAMS 0x0000000083200000, 0x0000000083200000| Untracked 
|  21|0x0000000083300000, 0x0000000083300000, 0x0000000083400000|  0%| F|  |TAMS 0x0000000083300000, 0x0000000083300000| Untracked 
|  22|0x0000000083400000, 0x0000000083400000, 0x0000000083500000|  0%| F|  |TAMS 0x0000000083400000, 0x0000000083400000| Untracked 
|  23|0x0000000083500000, 0x0000000083500000, 0x0000000083600000|  0%| F|  |TAMS 0x0000000083500000, 0x0000000083500000| Untracked 
|  24|0x0000000083600000, 0x0000000083600000, 0x0000000083700000|  0%| F|  |TAMS 0x0000000083600000, 0x0000000083600000| Untracked 
|  25|0x0000000083700000, 0x0000000083700000, 0x0000000083800000|  0%| F|  |TAMS 0x0000000083700000, 0x0000000083700000| Untracked 
|  26|0x0000000083800000, 0x0000000083800000, 0x0000000083900000|  0%| F|  |TAMS 0x0000000083800000, 0x0000000083800000| Untracked 
|  27|0x0000000083900000, 0x0000000083900000, 0x0000000083a00000|  0%| F|  |TAMS 0x0000000083900000, 0x0000000083900000| Untracked 
|  28|0x0000000083a00000, 0x0000000083a00000, 0x0000000083b00000|  0%| F|  |TAMS 0x0000000083a00000, 0x0000000083a00000| Untracked 
|  29|0x0000000083b00000, 0x0000000083b00000, 0x0000000083c00000|  0%| F|  |TAMS 0x0000000083b00000, 0x0000000083b00000| Untracked 
|  30|0x0000000083c00000, 0x0000000083c00000, 0x0000000083d00000|  0%| F|  |TAMS 0x0000000083c00000, 0x0000000083c00000| Untracked 
|  31|0x0000000083d00000, 0x0000000083d00000, 0x0000000083e00000|  0%| F|  |TAMS 0x0000000083d00000, 0x0000000083d00000| Untracked 
|  32|0x0000000083e00000, 0x0000000083e00000, 0x0000000083f00000|  0%| F|  |TAMS 0x0000000083e00000, 0x0000000083e00000| Untracked 
|  33|0x0000000083f00000, 0x0000000083f00000, 0x0000000084000000|  0%| F|  |TAMS 0x0000000083f00000, 0x0000000083f00000| Untracked 
|  34|0x0000000084000000, 0x0000000084000000, 0x0000000084100000|  0%| F|  |TAMS 0x0000000084000000, 0x0000000084000000| Untracked 
|  35|0x0000000084100000, 0x0000000084100000, 0x0000000084200000|  0%| F|  |TAMS 0x0000000084100000, 0x0000000084100000| Untracked 
|  36|0x0000000084200000, 0x0000000084200000, 0x0000000084300000|  0%| F|  |TAMS 0x0000000084200000, 0x0000000084200000| Untracked 
|  37|0x0000000084300000, 0x0000000084300000, 0x0000000084400000|  0%| F|  |TAMS 0x0000000084300000, 0x0000000084300000| Untracked 
|  38|0x0000000084400000, 0x0000000084400000, 0x0000000084500000|  0%| F|  |TAMS 0x0000000084400000, 0x0000000084400000| Untracked 
|  39|0x0000000084500000, 0x0000000084500000, 0x0000000084600000|  0%| F|  |TAMS 0x0000000084500000, 0x0000000084500000| Untracked 
|  40|0x0000000084600000, 0x0000000084600000, 0x0000000084700000|  0%| F|  |TAMS 0x0000000084600000, 0x0000000084600000| Untracked 
|  41|0x0000000084700000, 0x0000000084700000, 0x0000000084800000|  0%| F|  |TAMS 0x0000000084700000, 0x0000000084700000| Untracked 
|  42|0x0000000084800000, 0x0000000084800000, 0x0000000084900000|  0%| F|  |TAMS 0x0000000084800000, 0x0000000084800000| Untracked 
|  43|0x0000000084900000, 0x0000000084900000, 0x0000000084a00000|  0%| F|  |TAMS 0x0000000084900000, 0x0000000084900000| Untracked 
|  44|0x0000000084a00000, 0x0000000084a00000, 0x0000000084b00000|  0%| F|  |TAMS 0x0000000084a00000, 0x0000000084a00000| Untracked 
|  45|0x0000000084b00000, 0x0000000084b00000, 0x0000000084c00000|  0%| F|  |TAMS 0x0000000084b00000, 0x0000000084b00000| Untracked 
|  46|0x0000000084c00000, 0x0000000084c00000, 0x0000000084d00000|  0%| F|  |TAMS 0x0000000084c00000, 0x0000000084c00000| Untracked 
|  47|0x0000000084d00000, 0x0000000084d00000, 0x0000000084e00000|  0%| F|  |TAMS 0x0000000084d00000, 0x0000000084d00000| Untracked 
|  48|0x0000000084e00000, 0x0000000084e00000, 0x0000000084f00000|  0%| F|  |TAMS 0x0000000084e00000, 0x0000000084e00000| Untracked 
|  49|0x0000000084f00000, 0x0000000084f00000, 0x0000000085000000|  0%| F|  |TAMS 0x0000000084f00000, 0x0000000084f00000| Untracked 
|  50|0x0000000085000000, 0x0000000085000000, 0x0000000085100000|  0%| F|  |TAMS 0x0000000085000000, 0x0000000085000000| Untracked 
|  51|0x0000000085100000, 0x0000000085100000, 0x0000000085200000|  0%| F|  |TAMS 0x0000000085100000, 0x0000000085100000| Untracked 
|  52|0x0000000085200000, 0x0000000085200000, 0x0000000085300000|  0%| F|  |TAMS 0x0000000085200000, 0x0000000085200000| Untracked 
|  53|0x0000000085300000, 0x0000000085300000, 0x0000000085400000|  0%| F|  |TAMS 0x0000000085300000, 0x0000000085300000| Untracked 
|  54|0x0000000085400000, 0x0000000085400000, 0x0000000085500000|  0%| F|  |TAMS 0x0000000085400000, 0x0000000085400000| Untracked 
|  55|0x0000000085500000, 0x0000000085500000, 0x0000000085600000|  0%| F|  |TAMS 0x0000000085500000, 0x0000000085500000| Untracked 
|  56|0x0000000085600000, 0x0000000085600000, 0x0000000085700000|  0%| F|  |TAMS 0x0000000085600000, 0x0000000085600000| Untracked 
|  57|0x0000000085700000, 0x0000000085700000, 0x0000000085800000|  0%| F|  |TAMS 0x0000000085700000, 0x0000000085700000| Untracked 
|  58|0x0000000085800000, 0x0000000085800000, 0x0000000085900000|  0%| F|  |TAMS 0x0000000085800000, 0x0000000085800000| Untracked 
|  59|0x0000000085900000, 0x0000000085900000, 0x0000000085a00000|  0%| F|  |TAMS 0x0000000085900000, 0x0000000085900000| Untracked 
|  60|0x0000000085a00000, 0x0000000085a00000, 0x0000000085b00000|  0%| F|  |TAMS 0x0000000085a00000, 0x0000000085a00000| Untracked 
|  61|0x0000000085b00000, 0x0000000085b00000, 0x0000000085c00000|  0%| F|  |TAMS 0x0000000085b00000, 0x0000000085b00000| Untracked 
|  62|0x0000000085c00000, 0x0000000085c38cd0, 0x0000000085d00000| 22%| S|CS|TAMS 0x0000000085c00000, 0x0000000085c00000| Complete 
|  63|0x0000000085d00000, 0x0000000085e00000, 0x0000000085e00000|100%| S|CS|TAMS 0x0000000085d00000, 0x0000000085d00000| Complete 
|  64|0x0000000085e00000, 0x0000000085f00000, 0x0000000085f00000|100%| S|CS|TAMS 0x0000000085e00000, 0x0000000085e00000| Complete 
|  65|0x0000000085f00000, 0x0000000086000000, 0x0000000086000000|100%| S|CS|TAMS 0x0000000085f00000, 0x0000000085f00000| Complete 
|  66|0x0000000086000000, 0x0000000086100000, 0x0000000086100000|100%| S|CS|TAMS 0x0000000086000000, 0x0000000086000000| Complete 
|  67|0x0000000086100000, 0x0000000086200000, 0x0000000086200000|100%| S|CS|TAMS 0x0000000086100000, 0x0000000086100000| Complete 
|  68|0x0000000086200000, 0x0000000086300000, 0x0000000086300000|100%| S|CS|TAMS 0x0000000086200000, 0x0000000086200000| Complete 
|  69|0x0000000086300000, 0x0000000086300000, 0x0000000086400000|  0%| F|  |TAMS 0x0000000086300000, 0x0000000086300000| Untracked 
|  70|0x0000000086400000, 0x0000000086400000, 0x0000000086500000|  0%| F|  |TAMS 0x0000000086400000, 0x0000000086400000| Untracked 
|  71|0x0000000086500000, 0x0000000086500000, 0x0000000086600000|  0%| F|  |TAMS 0x0000000086500000, 0x0000000086500000| Untracked 
|  72|0x0000000086600000, 0x0000000086600000, 0x0000000086700000|  0%| F|  |TAMS 0x0000000086600000, 0x0000000086600000| Untracked 
|  73|0x0000000086700000, 0x0000000086700000, 0x0000000086800000|  0%| F|  |TAMS 0x0000000086700000, 0x0000000086700000| Untracked 
|  74|0x0000000086800000, 0x0000000086800000, 0x0000000086900000|  0%| F|  |TAMS 0x0000000086800000, 0x0000000086800000| Untracked 
|  75|0x0000000086900000, 0x0000000086900000, 0x0000000086a00000|  0%| F|  |TAMS 0x0000000086900000, 0x0000000086900000| Untracked 
|  76|0x0000000086a00000, 0x0000000086a00000, 0x0000000086b00000|  0%| F|  |TAMS 0x0000000086a00000, 0x0000000086a00000| Untracked 
|  77|0x0000000086b00000, 0x0000000086b00000, 0x0000000086c00000|  0%| F|  |TAMS 0x0000000086b00000, 0x0000000086b00000| Untracked 
|  78|0x0000000086c00000, 0x0000000086c00000, 0x0000000086d00000|  0%| F|  |TAMS 0x0000000086c00000, 0x0000000086c00000| Untracked 
|  79|0x0000000086d00000, 0x0000000086d00000, 0x0000000086e00000|  0%| F|  |TAMS 0x0000000086d00000, 0x0000000086d00000| Untracked 
|  80|0x0000000086e00000, 0x0000000086e00000, 0x0000000086f00000|  0%| F|  |TAMS 0x0000000086e00000, 0x0000000086e00000| Untracked 
|  81|0x0000000086f00000, 0x0000000086f00000, 0x0000000087000000|  0%| F|  |TAMS 0x0000000086f00000, 0x0000000086f00000| Untracked 
|  82|0x0000000087000000, 0x0000000087000000, 0x0000000087100000|  0%| F|  |TAMS 0x0000000087000000, 0x0000000087000000| Untracked 
|  83|0x0000000087100000, 0x0000000087100000, 0x0000000087200000|  0%| F|  |TAMS 0x0000000087100000, 0x0000000087100000| Untracked 
|  84|0x0000000087200000, 0x0000000087200000, 0x0000000087300000|  0%| F|  |TAMS 0x0000000087200000, 0x0000000087200000| Untracked 
|  85|0x0000000087300000, 0x0000000087300000, 0x0000000087400000|  0%| F|  |TAMS 0x0000000087300000, 0x0000000087300000| Untracked 
|  86|0x0000000087400000, 0x0000000087400000, 0x0000000087500000|  0%| F|  |TAMS 0x0000000087400000, 0x0000000087400000| Untracked 
|  87|0x0000000087500000, 0x0000000087500000, 0x0000000087600000|  0%| F|  |TAMS 0x0000000087500000, 0x0000000087500000| Untracked 
|  88|0x0000000087600000, 0x0000000087600000, 0x0000000087700000|  0%| F|  |TAMS 0x0000000087600000, 0x0000000087600000| Untracked 
|  89|0x0000000087700000, 0x0000000087700000, 0x0000000087800000|  0%| F|  |TAMS 0x0000000087700000, 0x0000000087700000| Untracked 
|  90|0x0000000087800000, 0x0000000087800000, 0x0000000087900000|  0%| F|  |TAMS 0x0000000087800000, 0x0000000087800000| Untracked 
|  91|0x0000000087900000, 0x0000000087900000, 0x0000000087a00000|  0%| F|  |TAMS 0x0000000087900000, 0x0000000087900000| Untracked 
|  92|0x0000000087a00000, 0x0000000087a00000, 0x0000000087b00000|  0%| F|  |TAMS 0x0000000087a00000, 0x0000000087a00000| Untracked 
|  93|0x0000000087b00000, 0x0000000087b00000, 0x0000000087c00000|  0%| F|  |TAMS 0x0000000087b00000, 0x0000000087b00000| Untracked 
|  94|0x0000000087c00000, 0x0000000087c00000, 0x0000000087d00000|  0%| F|  |TAMS 0x0000000087c00000, 0x0000000087c00000| Untracked 
|  95|0x0000000087d00000, 0x0000000087d00000, 0x0000000087e00000|  0%| F|  |TAMS 0x0000000087d00000, 0x0000000087d00000| Untracked 
|  96|0x0000000087e00000, 0x0000000087e00000, 0x0000000087f00000|  0%| F|  |TAMS 0x0000000087e00000, 0x0000000087e00000| Untracked 
|  97|0x0000000087f00000, 0x0000000087f00000, 0x0000000088000000|  0%| F|  |TAMS 0x0000000087f00000, 0x0000000087f00000| Untracked 
|  98|0x0000000088000000, 0x0000000088000000, 0x0000000088100000|  0%| F|  |TAMS 0x0000000088000000, 0x0000000088000000| Untracked 
|  99|0x0000000088100000, 0x0000000088100000, 0x0000000088200000|  0%| F|  |TAMS 0x0000000088100000, 0x0000000088100000| Untracked 
| 100|0x0000000088200000, 0x0000000088200000, 0x0000000088300000|  0%| F|  |TAMS 0x0000000088200000, 0x0000000088200000| Untracked 
| 101|0x0000000088300000, 0x0000000088300000, 0x0000000088400000|  0%| F|  |TAMS 0x0000000088300000, 0x0000000088300000| Untracked 
| 102|0x0000000088400000, 0x0000000088400000, 0x0000000088500000|  0%| F|  |TAMS 0x0000000088400000, 0x0000000088400000| Untracked 
| 103|0x0000000088500000, 0x0000000088500000, 0x0000000088600000|  0%| F|  |TAMS 0x0000000088500000, 0x0000000088500000| Untracked 
| 104|0x0000000088600000, 0x0000000088600000, 0x0000000088700000|  0%| F|  |TAMS 0x0000000088600000, 0x0000000088600000| Untracked 
| 105|0x0000000088700000, 0x0000000088700000, 0x0000000088800000|  0%| F|  |TAMS 0x0000000088700000, 0x0000000088700000| Untracked 
| 106|0x0000000088800000, 0x0000000088800000, 0x0000000088900000|  0%| F|  |TAMS 0x0000000088800000, 0x0000000088800000| Untracked 
| 107|0x0000000088900000, 0x0000000088900000, 0x0000000088a00000|  0%| F|  |TAMS 0x0000000088900000, 0x0000000088900000| Untracked 
| 108|0x0000000088a00000, 0x0000000088a00000, 0x0000000088b00000|  0%| F|  |TAMS 0x0000000088a00000, 0x0000000088a00000| Untracked 
| 109|0x0000000088b00000, 0x0000000088c00000, 0x0000000088c00000|100%| E|  |TAMS 0x0000000088b00000, 0x0000000088b00000| Complete 
| 110|0x0000000088c00000, 0x0000000088d00000, 0x0000000088d00000|100%| E|CS|TAMS 0x0000000088c00000, 0x0000000088c00000| Complete 
| 111|0x0000000088d00000, 0x0000000088e00000, 0x0000000088e00000|100%| E|CS|TAMS 0x0000000088d00000, 0x0000000088d00000| Complete 
| 112|0x0000000088e00000, 0x0000000088f00000, 0x0000000088f00000|100%| E|CS|TAMS 0x0000000088e00000, 0x0000000088e00000| Complete 
| 113|0x0000000088f00000, 0x0000000089000000, 0x0000000089000000|100%| E|CS|TAMS 0x0000000088f00000, 0x0000000088f00000| Complete 
| 114|0x0000000089000000, 0x0000000089100000, 0x0000000089100000|100%| E|CS|TAMS 0x0000000089000000, 0x0000000089000000| Complete 
| 115|0x0000000089100000, 0x0000000089200000, 0x0000000089200000|100%| E|CS|TAMS 0x0000000089100000, 0x0000000089100000| Complete 
| 116|0x0000000089200000, 0x0000000089300000, 0x0000000089300000|100%| E|CS|TAMS 0x0000000089200000, 0x0000000089200000| Complete 
| 117|0x0000000089300000, 0x0000000089400000, 0x0000000089400000|100%| E|CS|TAMS 0x0000000089300000, 0x0000000089300000| Complete 
| 118|0x0000000089400000, 0x0000000089500000, 0x0000000089500000|100%| E|CS|TAMS 0x0000000089400000, 0x0000000089400000| Complete 
| 119|0x0000000089500000, 0x0000000089600000, 0x0000000089600000|100%| E|CS|TAMS 0x0000000089500000, 0x0000000089500000| Complete 
| 120|0x0000000089600000, 0x0000000089700000, 0x0000000089700000|100%| E|CS|TAMS 0x0000000089600000, 0x0000000089600000| Complete 
| 121|0x0000000089700000, 0x0000000089800000, 0x0000000089800000|100%| E|CS|TAMS 0x0000000089700000, 0x0000000089700000| Complete 
| 122|0x0000000089800000, 0x0000000089900000, 0x0000000089900000|100%| E|CS|TAMS 0x0000000089800000, 0x0000000089800000| Complete 
| 123|0x0000000089900000, 0x0000000089a00000, 0x0000000089a00000|100%| E|CS|TAMS 0x0000000089900000, 0x0000000089900000| Complete 
| 124|0x0000000089a00000, 0x0000000089b00000, 0x0000000089b00000|100%| E|CS|TAMS 0x0000000089a00000, 0x0000000089a00000| Complete 
| 125|0x0000000089b00000, 0x0000000089c00000, 0x0000000089c00000|100%| E|CS|TAMS 0x0000000089b00000, 0x0000000089b00000| Complete 
| 126|0x0000000089c00000, 0x0000000089d00000, 0x0000000089d00000|100%| E|CS|TAMS 0x0000000089c00000, 0x0000000089c00000| Complete 
| 127|0x0000000089d00000, 0x0000000089e00000, 0x0000000089e00000|100%| E|CS|TAMS 0x0000000089d00000, 0x0000000089d00000| Complete 

Card table byte_map: [0x000001c222280000,0x000001c222680000] _byte_map_base: 0x000001c221e71000

Marking Bits (Prev, Next): (CMBitMap*) 0x000001c20a74e970, (CMBitMap*) 0x000001c20a74e938
 Prev Bits: [0x000001c224a10000, 0x000001c226998000)
 Next Bits: [0x000001c222a80000, 0x000001c224a08000)

Polling page: 0x000001c2085d0000

Metaspace:

Usage:
  Non-class:     27.01 MB capacity,    26.58 MB ( 98%) used,   343.91 KB (  1%) free+waste,    90.38 KB ( <1%) overhead. 
      Class:      3.73 MB capacity,     3.41 MB ( 92%) used,   278.96 KB (  7%) free+waste,    43.25 KB (  1%) overhead. 
       Both:     30.73 MB capacity,    30.00 MB ( 98%) used,   622.87 KB (  2%) free+waste,   133.63 KB ( <1%) overhead. 

Virtual space:
  Non-class space:       28.00 MB reserved,      27.17 MB ( 97%) committed 
      Class space:        1.00 GB reserved,       3.75 MB ( <1%) committed 
             Both:        1.03 GB reserved,      30.92 MB (  3%) committed 

Chunk freelists:
   Non-Class:  39.00 KB
       Class:  25.00 KB
        Both:  64.00 KB

MaxMetaspaceSize: 17179869184.00 GB
CompressedClassSpaceSize: 1.00 GB
Initial GC threshold: 20.80 MB
Current GC threshold: 34.87 MB
CDS: off

CodeHeap 'non-profiled nmethods': size=120064Kb used=1474Kb max_used=1474Kb free=118589Kb
 bounds [0x000001c21a940000, 0x000001c21abb0000, 0x000001c221e80000]
CodeHeap 'profiled nmethods': size=120000Kb used=7402Kb max_used=7402Kb free=112597Kb
 bounds [0x000001c213410000, 0x000001c213b50000, 0x000001c21a940000]
CodeHeap 'non-nmethods': size=5696Kb used=1181Kb max_used=1224Kb free=4514Kb
 bounds [0x000001c212e80000, 0x000001c2130f0000, 0x000001c213410000]
 total_blobs=3696 nmethods=3254 adapters=354
 compilation: enabled
              stopped_count=0, restarted_count=0
 full_count=0

Compilation events (20 events):
Event: 7.459 Thread 0x000001c228eb9000 3249       3       org.springframework.context.annotation.ConfigurationClassUtils::isConfigurationCandidate (59 bytes)
Event: 7.460 Thread 0x000001c228eb9000 nmethod 3249 0x000001c213b3cd10 code [0x000001c213b3cf60, 0x000001c213b3d808]
Event: 7.460 Thread 0x000001c228eb9000 3251       3       org.springframework.core.annotation.TypeMappedAnnotations$IsPresent::doWithAnnotations (183 bytes)
Event: 7.462 Thread 0x000001c228eb9000 nmethod 3251 0x000001c213b3da90 code [0x000001c213b3dda0, 0x000001c213b3f058]
Event: 7.462 Thread 0x000001c228eb9000 3250       3       org.springframework.core.annotation.TypeMappedAnnotations$IsPresent::doWithAnnotations (10 bytes)
Event: 7.462 Thread 0x000001c228eb9000 nmethod 3250 0x000001c213b3f810 code [0x000001c213b3f9c0, 0x000001c213b3fae8]
Event: 7.462 Thread 0x000001c228eb9000 3252       3       org.springframework.core.annotation.TypeMappedAnnotations::isPresent (39 bytes)
Event: 7.463 Thread 0x000001c228eb9000 nmethod 3252 0x000001c213b3fb90 code [0x000001c213b3fda0, 0x000001c213b40348]
Event: 7.472 Thread 0x000001c228eb9000 3253   !   3       org.springframework.context.annotation.ConfigurationClassUtils::checkConfigurationClassCandidate (306 bytes)
Event: 7.477 Thread 0x000001c228eb9000 nmethod 3253 0x000001c213b40510 code [0x000001c213b40ac0, 0x000001c213b43bf8]
Event: 7.477 Thread 0x000001c228eb9000 3254       3       org.springframework.core.annotation.TypeMappedAnnotations$MergedAnnotationFinder::finish (9 bytes)
Event: 7.477 Thread 0x000001c228eb9000 nmethod 3254 0x000001c213b44a90 code [0x000001c213b44c60, 0x000001c213b44f38]
Event: 7.477 Thread 0x000001c228eb9000 3255       3       org.springframework.core.annotation.TypeMappedAnnotations$MergedAnnotationFinder::finish (13 bytes)
Event: 7.477 Thread 0x000001c228eb9000 nmethod 3255 0x000001c213b45010 code [0x000001c213b451c0, 0x000001c213b45318]
Event: 7.478 Thread 0x000001c228eb9000 3256       3       java.lang.reflect.ProxyGenerator::collectCompatibleTypes (93 bytes)
Event: 7.479 Thread 0x000001c228eb9000 nmethod 3256 0x000001c213b45390 code [0x000001c213b45580, 0x000001c213b45a68]
Event: 7.479 Thread 0x000001c228eb9000 3257       3       java.lang.Class::getMethodsRecursive (99 bytes)
Event: 7.480 Thread 0x000001c228eb9000 nmethod 3257 0x000001c213b45d10 code [0x000001c213b45f40, 0x000001c213b464c8]
Event: 7.480 Thread 0x000001c228eb9000 3258       1       org.springframework.core.type.StandardClassMetadata::getIntrospectedClass (5 bytes)
Event: 7.480 Thread 0x000001c228eb9000 nmethod 3258 0x000001c21aab0090 code [0x000001c21aab0240, 0x000001c21aab02f8]

GC Heap History (12 events):
Event: 1.639 GC heap before
{Heap before GC invocations=0 (full 0):
 garbage-first heap   total 131072K, used 14336K [0x0000000081e00000, 0x0000000100000000)
  region size 1024K, 14 young (14336K), 0 survivors (0K)
 Metaspace       used 9704K, capacity 9877K, committed 10240K, reserved 1058816K
  class space    used 861K, capacity 904K, committed 1024K, reserved 1048576K
}
Event: 1.647 GC heap after
{Heap after GC invocations=1 (full 0):
 garbage-first heap   total 131072K, used 6369K [0x0000000081e00000, 0x0000000100000000)
  region size 1024K, 2 young (2048K), 2 survivors (2048K)
 Metaspace       used 9704K, capacity 9877K, committed 10240K, reserved 1058816K
  class space    used 861K, capacity 904K, committed 1024K, reserved 1048576K
}
Event: 1.832 GC heap before
{Heap before GC invocations=1 (full 0):
 garbage-first heap   total 131072K, used 10465K [0x0000000081e00000, 0x0000000100000000)
  region size 1024K, 6 young (6144K), 2 survivors (2048K)
 Metaspace       used 10599K, capacity 10799K, committed 11008K, reserved 1058816K
  class space    used 968K, capacity 1023K, committed 1024K, reserved 1048576K
}
Event: 1.836 GC heap after
{Heap after GC invocations=2 (full 0):
 garbage-first heap   total 131072K, used 6919K [0x0000000081e00000, 0x0000000100000000)
  region size 1024K, 1 young (1024K), 1 survivors (1024K)
 Metaspace       used 10599K, capacity 10799K, committed 11008K, reserved 1058816K
  class space    used 968K, capacity 1023K, committed 1024K, reserved 1048576K
}
Event: 2.727 GC heap before
{Heap before GC invocations=2 (full 0):
 garbage-first heap   total 131072K, used 28423K [0x0000000081e00000, 0x0000000100000000)
  region size 1024K, 22 young (22528K), 1 survivors (1024K)
 Metaspace       used 16150K, capacity 16526K, committed 16640K, reserved 1064960K
  class space    used 1649K, capacity 1775K, committed 1792K, reserved 1048576K
}
Event: 2.732 GC heap after
{Heap after GC invocations=3 (full 0):
 garbage-first heap   total 131072K, used 8124K [0x0000000081e00000, 0x0000000100000000)
  region size 1024K, 2 young (2048K), 2 survivors (2048K)
 Metaspace       used 16150K, capacity 16526K, committed 16640K, reserved 1064960K
  class space    used 1649K, capacity 1775K, committed 1792K, reserved 1048576K
}
Event: 3.501 GC heap before
{Heap before GC invocations=3 (full 0):
 garbage-first heap   total 131072K, used 30652K [0x0000000081e00000, 0x0000000100000000)
  region size 1024K, 26 young (26624K), 2 survivors (2048K)
 Metaspace       used 20718K, capacity 21211K, committed 21296K, reserved 1069056K
  class space    used 2229K, capacity 2407K, committed 2432K, reserved 1048576K
}
Event: 3.524 GC heap after
{Heap after GC invocations=4 (full 0):
 garbage-first heap   total 131072K, used 9016K [0x0000000081e00000, 0x0000000100000000)
  region size 1024K, 3 young (3072K), 3 survivors (3072K)
 Metaspace       used 20718K, capacity 21211K, committed 21296K, reserved 1069056K
  class space    used 2229K, capacity 2407K, committed 2432K, reserved 1048576K
}
Event: 4.857 GC heap before
{Heap before GC invocations=5 (full 0):
 garbage-first heap   total 131072K, used 48952K [0x0000000081e00000, 0x0000000100000000)
  region size 1024K, 42 young (43008K), 3 survivors (3072K)
 Metaspace       used 25513K, capacity 26144K, committed 26288K, reserved 1073152K
  class space    used 2826K, capacity 3069K, committed 3072K, reserved 1048576K
}
Event: 4.868 GC heap after
{Heap after GC invocations=6 (full 0):
 garbage-first heap   total 131072K, used 10504K [0x0000000081e00000, 0x0000000100000000)
  region size 1024K, 4 young (4096K), 4 survivors (4096K)
 Metaspace       used 25513K, capacity 26144K, committed 26288K, reserved 1073152K
  class space    used 2826K, capacity 3069K, committed 3072K, reserved 1048576K
}
Event: 6.256 GC heap before
{Heap before GC invocations=6 (full 0):
 garbage-first heap   total 131072K, used 66824K [0x0000000081e00000, 0x0000000100000000)
  region size 1024K, 59 young (60416K), 4 survivors (4096K)
 Metaspace       used 28807K, capacity 29462K, committed 29616K, reserved 1075200K
  class space    used 3220K, capacity 3489K, committed 3584K, reserved 1048576K
}
Event: 6.271 GC heap after
{Heap after GC invocations=7 (full 0):
 garbage-first heap   total 131072K, used 12795K [0x0000000081e00000, 0x0000000100000000)
  region size 1024K, 7 young (7168K), 7 survivors (7168K)
 Metaspace       used 28807K, capacity 29462K, committed 29616K, reserved 1075200K
  class space    used 3220K, capacity 3489K, committed 3584K, reserved 1048576K
}

Deoptimization events (20 events):
Event: 5.999 Thread 0x000001c20a70d800 DEOPT PACKING pc=0x000001c21a94a9dc sp=0x0000008c01afe790
Event: 5.999 Thread 0x000001c20a70d800 DEOPT UNPACKING pc=0x000001c212eca1af sp=0x0000008c01afe738 mode 2
Event: 6.072 Thread 0x000001c20a70d800 Uncommon trap: trap_request=0xffffff4d fr.pc=0x000001c21a9c9f1c relative=0x00000000000000fc
Event: 6.072 Thread 0x000001c20a70d800 Uncommon trap: reason=unstable_if action=reinterpret pc=0x000001c21a9c9f1c method=java.util.Arrays.equals([Ljava/lang/Object;[Ljava/lang/Object;)Z @ 44 c2
Event: 6.072 Thread 0x000001c20a70d800 DEOPT PACKING pc=0x000001c21a9c9f1c sp=0x0000008c01afe1c0
Event: 6.072 Thread 0x000001c20a70d800 DEOPT UNPACKING pc=0x000001c212eca1af sp=0x0000008c01afe160 mode 2
Event: 6.572 Thread 0x000001c20a70d800 Uncommon trap: trap_request=0xffffff4d fr.pc=0x000001c21aa78474 relative=0x0000000000000594
Event: 6.572 Thread 0x000001c20a70d800 Uncommon trap: reason=unstable_if action=reinterpret pc=0x000001c21aa78474 method=org.springframework.beans.factory.support.AbstractBeanFactory.getMergedLocalBeanDefinition(Ljava/lang/String;)Lorg/springframework/beans/factory/support/RootBeanDefinition; 
Event: 6.572 Thread 0x000001c20a70d800 DEOPT PACKING pc=0x000001c21aa78474 sp=0x0000008c01afe810
Event: 6.572 Thread 0x000001c20a70d800 DEOPT UNPACKING pc=0x000001c212eca1af sp=0x0000008c01afe7d8 mode 2
Event: 6.622 Thread 0x000001c20a70d800 DEOPT PACKING pc=0x000001c2137fa044 sp=0x0000008c01afdd60
Event: 6.622 Thread 0x000001c20a70d800 DEOPT UNPACKING pc=0x000001c212eca95e sp=0x0000008c01afd2c8 mode 0
Event: 6.626 Thread 0x000001c20a70d800 Uncommon trap: trap_request=0xffffffde fr.pc=0x000001c21aa3a65c relative=0x000000000000085c
Event: 6.626 Thread 0x000001c20a70d800 Uncommon trap: reason=class_check action=maybe_recompile pc=0x000001c21aa3a65c method=org.springframework.util.ConcurrentReferenceHashMap$Segment.findInChain(Lorg/springframework/util/ConcurrentReferenceHashMap$Reference;Ljava/lang/Object;I)Lorg/springfra
Event: 6.626 Thread 0x000001c20a70d800 DEOPT PACKING pc=0x000001c21aa3a65c sp=0x0000008c01afea80
Event: 6.626 Thread 0x000001c20a70d800 DEOPT UNPACKING pc=0x000001c212eca1af sp=0x0000008c01afe8b8 mode 2
Event: 7.027 Thread 0x000001c20a70d800 Uncommon trap: trap_request=0xffffff4d fr.pc=0x000001c21aa91850 relative=0x00000000000012b0
Event: 7.027 Thread 0x000001c20a70d800 Uncommon trap: reason=unstable_if action=reinterpret pc=0x000001c21aa91850 method=org.springframework.core.ResolvableType$1.isAssignableFrom(Ljava/lang/Class;)Z @ 15 c2
Event: 7.027 Thread 0x000001c20a70d800 DEOPT PACKING pc=0x000001c21aa91850 sp=0x0000008c01afe410
Event: 7.027 Thread 0x000001c20a70d800 DEOPT UNPACKING pc=0x000001c212eca1af sp=0x0000008c01afe3a0 mode 2

Classes redefined (0 events):
No events

Internal exceptions (20 events):
Event: 4.048 Thread 0x000001c20a70d800 Exception <a 'java/lang/ClassNotFoundException'{0x0000000088ed43e8}: org/springframework/core/PriorityOrderedCustomizer> (0x0000000088ed43e8) thrown at [./src/hotspot/share/classfile/systemDictionary.cpp, line 230]
Event: 4.049 Thread 0x000001c20a70d800 Exception <a 'java/lang/ClassNotFoundException'{0x0000000088ee2500}: org/springframework/core/OrderedCustomizer> (0x0000000088ee2500) thrown at [./src/hotspot/share/classfile/systemDictionary.cpp, line 230]
Event: 4.050 Thread 0x000001c20a70d800 Exception <a 'java/lang/ClassNotFoundException'{0x0000000088ef3330}: org/springframework/context/ResourceLoaderAwareCustomizer> (0x0000000088ef3330) thrown at [./src/hotspot/share/classfile/systemDictionary.cpp, line 230]
Event: 4.051 Thread 0x000001c20a70d800 Exception <a 'java/lang/ClassNotFoundException'{0x0000000088d5d148}: org/springframework/beans/factory/AwareCustomizer> (0x0000000088d5d148) thrown at [./src/hotspot/share/classfile/systemDictionary.cpp, line 230]
Event: 4.051 Thread 0x000001c20a70d800 Exception <a 'java/lang/ClassNotFoundException'{0x0000000088d6dc98}: org/springframework/context/ApplicationStartupAwareCustomizer> (0x0000000088d6dc98) thrown at [./src/hotspot/share/classfile/systemDictionary.cpp, line 230]
Event: 4.052 Thread 0x000001c20a70d800 Exception <a 'java/lang/ClassNotFoundException'{0x0000000088d7de68}: org/springframework/beans/factory/AwareCustomizer> (0x0000000088d7de68) thrown at [./src/hotspot/share/classfile/systemDictionary.cpp, line 230]
Event: 4.053 Thread 0x000001c20a70d800 Exception <a 'java/lang/ClassNotFoundException'{0x0000000088d8ef10}: org/springframework/beans/factory/BeanClassLoaderAwareCustomizer> (0x0000000088d8ef10) thrown at [./src/hotspot/share/classfile/systemDictionary.cpp, line 230]
Event: 4.054 Thread 0x000001c20a70d800 Exception <a 'java/lang/ClassNotFoundException'{0x0000000088d9ee80}: org/springframework/beans/factory/AwareCustomizer> (0x0000000088d9ee80) thrown at [./src/hotspot/share/classfile/systemDictionary.cpp, line 230]
Event: 4.080 Thread 0x000001c20a70d800 Exception <a 'java/lang/ClassNotFoundException'{0x0000000088daebb8}: org/springframework/context/EnvironmentAwareCustomizer> (0x0000000088daebb8) thrown at [./src/hotspot/share/classfile/systemDictionary.cpp, line 230]
Event: 4.082 Thread 0x000001c20a70d800 Exception <a 'java/lang/ClassNotFoundException'{0x0000000088dbeaa0}: org/springframework/beans/factory/AwareCustomizer> (0x0000000088dbeaa0) thrown at [./src/hotspot/share/classfile/systemDictionary.cpp, line 230]
Event: 4.135 Thread 0x000001c20a70d800 Exception <a 'java/lang/NoSuchMethodError'{0x0000000088accd50}: 'java.lang.Object java.lang.invoke.DirectMethodHandle$Holder.invokeVirtual(java.lang.Object, java.lang.Object, java.lang.Object)'> (0x0000000088accd50) thrown at [./src/hotspot/share/interpreter/linkResolver.cpp, line 773]
Event: 4.245 Thread 0x000001c22aa0a800 Exception <a 'java/lang/NoSuchMethodError'{0x00000000887af3b8}: 'long java.lang.invoke.DirectMethodHandle$Holder.invokeSpecial(java.lang.Object, java.lang.Object)'> (0x00000000887af3b8) thrown at [./src/hotspot/share/interpreter/linkResolver.cpp, line 773]
Event: 4.249 Thread 0x000001c22aa0a800 Exception <a 'java/lang/NoSuchMethodError'{0x00000000887b9d28}: 'long java.lang.invoke.DirectMethodHandle$Holder.invokeStatic(java.lang.Object, java.lang.Object)'> (0x00000000887b9d28) thrown at [./src/hotspot/share/interpreter/linkResolver.cpp, line 773]
Event: 4.250 Thread 0x000001c22aa0a800 Exception <a 'java/lang/NoSuchMethodError'{0x00000000887bcb50}: 'long java.lang.invoke.DirectMethodHandle$Holder.invokeStaticInit(java.lang.Object, java.lang.Object)'> (0x00000000887bcb50) thrown at [./src/hotspot/share/interpreter/linkResolver.cpp, line 773]
Event: 4.253 Thread 0x000001c22aa0a800 Exception <a 'java/lang/NoSuchMethodError'{0x00000000887c9010}: 'long java.lang.invoke.DirectMethodHandle$Holder.invokeInterface(java.lang.Object, java.lang.Object)'> (0x00000000887c9010) thrown at [./src/hotspot/share/interpreter/linkResolver.cpp, line 773]
Event: 4.253 Thread 0x000001c22aa0a800 Exception <a 'java/lang/IncompatibleClassChangeError'{0x00000000887cbda8}: Found class java.lang.Object, but interface was expected> (0x00000000887cbda8) thrown at [./src/hotspot/share/interpreter/linkResolver.cpp, line 839]
Event: 4.303 Thread 0x000001c22aa0a800 Exception <a 'java/lang/NoSuchMethodError'{0x000000008868af08}: 'java.lang.Object java.lang.invoke.DirectMethodHandle$Holder.invokeVirtual(java.lang.Object, java.lang.Object, java.lang.Object, java.lang.Object)'> (0x000000008868af08) thrown at [./src/hotspot/share/interpreter/linkResolver.cpp, line 773]
Event: 4.586 Thread 0x000001c20a70d800 Exception <a 'java/lang/NoSuchMethodError'{0x0000000087b7f250}: 'void java.lang.invoke.DirectMethodHandle$Holder.invokeInterface(java.lang.Object, java.lang.Object, java.lang.Object, java.lang.Object)'> (0x0000000087b7f250) thrown at [./src/hotspot/share/interpreter/linkResolver.cpp, line 773]
Event: 5.301 Thread 0x000001c20a70d800 Exception <a 'java/lang/IncompatibleClassChangeError'{0x00000000889b58b0}: Found class java.lang.Object, but interface was expected> (0x00000000889b58b0) thrown at [./src/hotspot/share/interpreter/linkResolver.cpp, line 839]
Event: 6.691 Thread 0x000001c20a70d800 Exception <a 'java/lang/NoSuchMethodError'{0x00000000892893c0}: 'java.lang.Object java.lang.invoke.DirectMethodHandle$Holder.invokeSpecialIFC(java.lang.Object, java.lang.Object, java.lang.Object)'> (0x00000000892893c0) thrown at [./src/hotspot/share/interpreter/linkResolver.cpp, line 773]

Events (20 events):
Event: 7.475 loading class org/springframework/boot/autoconfigure/web/servlet/WebMvcProperties$View
Event: 7.475 loading class org/springframework/boot/autoconfigure/web/servlet/WebMvcProperties$View done
Event: 7.475 loading class org/springframework/boot/autoconfigure/web/servlet/WebMvcProperties$Pathmatch
Event: 7.475 loading class org/springframework/boot/autoconfigure/web/servlet/WebMvcProperties$Pathmatch done
Event: 7.476 loading class org/springframework/boot/autoconfigure/web/servlet/WebMvcProperties$Async
Event: 7.476 loading class org/springframework/boot/autoconfigure/web/servlet/WebMvcProperties$Async done
Event: 7.476 loading class org/springframework/boot/autoconfigure/web/servlet/WebMvcProperties$Servlet
Event: 7.476 loading class org/springframework/boot/autoconfigure/web/servlet/WebMvcProperties$Servlet done
Event: 7.477 loading class org/springframework/boot/context/properties/DeprecatedConfigurationProperty
Event: 7.477 loading class org/springframework/boot/context/properties/DeprecatedConfigurationProperty done
Event: 7.480 loading class org/springframework/boot/autoconfigure/task/TaskExecutionProperties$Pool
Event: 7.480 loading class org/springframework/boot/autoconfigure/task/TaskExecutionProperties$Pool done
Event: 7.480 loading class org/springframework/boot/autoconfigure/task/TaskExecutionProperties$Shutdown
Event: 7.480 loading class org/springframework/boot/autoconfigure/task/TaskExecutionProperties$Shutdown done
Event: 7.481 loading class org/springframework/boot/autoconfigure/web/WebProperties$Resources
Event: 7.481 loading class org/springframework/boot/autoconfigure/web/WebProperties$Resources done
Event: 7.482 loading class org/springframework/boot/autoconfigure/web/WebProperties$LocaleResolver
Event: 7.482 loading class org/springframework/boot/autoconfigure/web/WebProperties$LocaleResolver done
Event: 7.483 loading class org/springframework/boot/autoconfigure/jackson/JacksonProperties$ConstructorDetectorStrategy
Event: 7.483 loading class org/springframework/boot/autoconfigure/jackson/JacksonProperties$ConstructorDetectorStrategy done


Dynamic libraries:
0x00007ff79dd20000 - 0x00007ff79dd2d000 	C:\Users\ADMIN\.jdks\corretto-11.0.18\bin\java.exe
0x00007ff9807b0000 - 0x00007ff9809a8000 	C:\Windows\SYSTEM32\ntdll.dll
0x00007ff97ed70000 - 0x00007ff97ee2d000 	C:\Windows\System32\KERNEL32.DLL
0x00007ff97dfe0000 - 0x00007ff97e2d6000 	C:\Windows\System32\KERNELBASE.dll
0x00007ff97e710000 - 0x00007ff97e810000 	C:\Windows\System32\ucrtbase.dll
0x00007ff963160000 - 0x00007ff963177000 	C:\Users\ADMIN\.jdks\corretto-11.0.18\bin\jli.dll
0x00007ff95f7e0000 - 0x00007ff95f7f9000 	C:\Users\ADMIN\.jdks\corretto-11.0.18\bin\VCRUNTIME140.dll
0x00007ff980390000 - 0x00007ff98052e000 	C:\Windows\System32\USER32.dll
0x00007ff97e4d0000 - 0x00007ff97e4f2000 	C:\Windows\System32\win32u.dll
0x00007ff97ef50000 - 0x00007ff97ef7c000 	C:\Windows\System32\GDI32.dll
0x00007ff97de90000 - 0x00007ff97dfaa000 	C:\Windows\System32\gdi32full.dll
0x00007ff97e5c0000 - 0x00007ff97e65d000 	C:\Windows\System32\msvcp_win.dll
0x00007ff965780000 - 0x00007ff965a1a000 	C:\Windows\WinSxS\amd64_microsoft.windows.common-controls_6595b64144ccf1df_6.0.19041.3636_none_60b6a03d71f818d5\COMCTL32.dll
0x00007ff980590000 - 0x00007ff98062e000 	C:\Windows\System32\msvcrt.dll
0x00007ff97f790000 - 0x00007ff97f7c0000 	C:\Windows\System32\IMM32.DLL
0x00007ff95e800000 - 0x00007ff95e89b000 	C:\Users\ADMIN\.jdks\corretto-11.0.18\bin\msvcp140.dll
0x00007ff928020000 - 0x00007ff928baa000 	C:\Users\ADMIN\.jdks\corretto-11.0.18\bin\server\jvm.dll
0x00007ff97f130000 - 0x00007ff97f1df000 	C:\Windows\System32\ADVAPI32.dll
0x00007ff9802f0000 - 0x00007ff98038c000 	C:\Windows\System32\sechost.dll
0x00007ff9801b0000 - 0x00007ff9802d6000 	C:\Windows\System32\RPCRT4.dll
0x00007ff9801a0000 - 0x00007ff9801a8000 	C:\Windows\System32\PSAPI.DLL
0x00007ff966360000 - 0x00007ff966369000 	C:\Windows\SYSTEM32\WSOCK32.dll
0x00007ff97ffa0000 - 0x00007ff98000b000 	C:\Windows\System32\WS2_32.dll
0x00007ff964920000 - 0x00007ff964947000 	C:\Windows\SYSTEM32\WINMM.dll
0x00007ff971d10000 - 0x00007ff971d1a000 	C:\Windows\SYSTEM32\VERSION.dll
0x00007ff97c6e0000 - 0x00007ff97c6f2000 	C:\Windows\SYSTEM32\kernel.appcore.dll
0x00007ff965050000 - 0x00007ff965060000 	C:\Users\ADMIN\.jdks\corretto-11.0.18\bin\verify.dll
0x00007ff9793b0000 - 0x00007ff979594000 	C:\Windows\SYSTEM32\DBGHELP.DLL
0x00007ff975360000 - 0x00007ff975394000 	C:\Windows\SYSTEM32\dbgcore.DLL
0x00007ff97e440000 - 0x00007ff97e4c2000 	C:\Windows\System32\bcryptPrimitives.dll
0x00007ff95e7d0000 - 0x00007ff95e7f8000 	C:\Users\ADMIN\.jdks\corretto-11.0.18\bin\java.dll
0x00007ff963e20000 - 0x00007ff963e2a000 	C:\Users\ADMIN\.jdks\corretto-11.0.18\bin\jimage.dll
0x00007ff976210000 - 0x00007ff97621e000 	C:\Users\ADMIN\.jdks\corretto-11.0.18\bin\instrument.dll
0x00007ff95f780000 - 0x00007ff95f798000 	C:\Users\ADMIN\.jdks\corretto-11.0.18\bin\zip.dll
0x00007ff97f7c0000 - 0x00007ff97ff04000 	C:\Windows\System32\SHELL32.dll
0x00007ff978b40000 - 0x00007ff9792db000 	C:\Windows\SYSTEM32\windows.storage.dll
0x00007ff97e940000 - 0x00007ff97ec94000 	C:\Windows\System32\combase.dll
0x00007ff97d860000 - 0x00007ff97d88d000 	C:\Windows\SYSTEM32\Wldp.dll
0x00007ff97e890000 - 0x00007ff97e93d000 	C:\Windows\System32\SHCORE.dll
0x00007ff97f730000 - 0x00007ff97f785000 	C:\Windows\System32\shlwapi.dll
0x00007ff97ddc0000 - 0x00007ff97dde5000 	C:\Windows\SYSTEM32\profapi.dll
0x00007ff95e7b0000 - 0x00007ff95e7c9000 	C:\Users\ADMIN\.jdks\corretto-11.0.18\bin\net.dll
0x00007ff9789b0000 - 0x00007ff978aba000 	C:\Windows\SYSTEM32\WINHTTP.dll
0x00007ff97d5c0000 - 0x00007ff97d62a000 	C:\Windows\system32\mswsock.dll
0x00007ff95e790000 - 0x00007ff95e7a3000 	C:\Users\ADMIN\.jdks\corretto-11.0.18\bin\nio.dll
0x00007ff973140000 - 0x00007ff97315a000 	C:\Program Files\JetBrains\IntelliJ IDEA Community Edition 2022.2.3\bin\breakgen64.dll
0x00007ff976050000 - 0x00007ff976059000 	C:\Users\ADMIN\.jdks\corretto-11.0.18\bin\management.dll
0x00007ff973080000 - 0x00007ff97308b000 	C:\Users\ADMIN\.jdks\corretto-11.0.18\bin\management_ext.dll
0x00007ff948700000 - 0x00007ff948717000 	C:\Windows\system32\napinsp.dll
0x00007ff946c50000 - 0x00007ff946c6b000 	C:\Windows\system32\pnrpnsp.dll
0x00007ff974f60000 - 0x00007ff974f75000 	C:\Windows\system32\wshbth.dll
0x00007ff975f70000 - 0x00007ff975f8d000 	C:\Windows\system32\NLAapi.dll
0x00007ff97d2b0000 - 0x00007ff97d2eb000 	C:\Windows\SYSTEM32\IPHLPAPI.DLL
0x00007ff97d2f0000 - 0x00007ff97d3ba000 	C:\Windows\SYSTEM32\DNSAPI.dll
0x00007ff9802e0000 - 0x00007ff9802e8000 	C:\Windows\System32\NSI.dll
0x00007ff946ba0000 - 0x00007ff946bb2000 	C:\Windows\System32\winrnr.dll
0x00007ff971d00000 - 0x00007ff971d0a000 	C:\Windows\System32\rasadhlp.dll
0x00007ff96b5e0000 - 0x00007ff96b660000 	C:\Windows\System32\fwpuclnt.dll
0x00007ff97dfb0000 - 0x00007ff97dfd7000 	C:\Windows\System32\bcrypt.dll

dbghelp: loaded successfully - version: 4.0.5 - missing functions: none
symbol engine: initialized successfully - sym options: 0x614 - pdb path: .;C:\Users\ADMIN\.jdks\corretto-11.0.18\bin;C:\Windows\SYSTEM32;C:\Windows\WinSxS\amd64_microsoft.windows.common-controls_6595b64144ccf1df_6.0.19041.3636_none_60b6a03d71f818d5;C:\Users\ADMIN\.jdks\corretto-11.0.18\bin\server;C:\Program Files\JetBrains\IntelliJ IDEA Community Edition 2022.2.3\bin

VM Arguments:
jvm_args: -javaagent:C:\Program Files\JetBrains\IntelliJ IDEA Community Edition 2022.2.3\lib\idea_rt.jar=53574:C:\Program Files\JetBrains\IntelliJ IDEA Community Edition 2022.2.3\bin -Dfile.encoding=UTF-8 
java_command: com.emi.medicalimageprocessing.MedicalimageprocessingApplication
java_class_path (initial): C:\Users\ADMIN\Downloads\MedVIsoor\medicalimageprocessing\target\classes;C:\Users\ADMIN\.m2\repository\org\springframework\boot\spring-boot-starter-data-jpa\2.7.17\spring-boot-starter-data-jpa-2.7.17.jar;C:\Users\ADMIN\.m2\repository\org\springframework\boot\spring-boot-starter-aop\2.7.17\spring-boot-starter-aop-2.7.17.jar;C:\Users\ADMIN\.m2\repository\org\aspectj\aspectjweaver\1.9.7\aspectjweaver-1.9.7.jar;C:\Users\ADMIN\.m2\repository\org\springframework\boot\spring-boot-starter-jdbc\2.7.17\spring-boot-starter-jdbc-2.7.17.jar;C:\Users\ADMIN\.m2\repository\com\zaxxer\HikariCP\4.0.3\HikariCP-4.0.3.jar;C:\Users\ADMIN\.m2\repository\org\springframework\spring-jdbc\5.3.30\spring-jdbc-5.3.30.jar;C:\Users\ADMIN\.m2\repository\jakarta\transaction\jakarta.transaction-api\1.3.3\jakarta.transaction-api-1.3.3.jar;C:\Users\ADMIN\.m2\repository\jakarta\persistence\jakarta.persistence-api\2.2.3\jakarta.persistence-api-2.2.3.jar;C:\Users\ADMIN\.m2\repository\org\hibernate\hibernate-core\5.6.15.Final\hibernate-core-5.6.15.Final.jar;C:\Users\ADMIN\.m2\repository\org\jboss\logging\jboss-logging\3.4.3.Final\jboss-logging-3.4.3.Final.jar;C:\Users\ADMIN\.m2\repository\net\bytebuddy\byte-buddy\1.12.23\byte-buddy-1.12.23.jar;C:\Users\ADMIN\.m2\repository\antlr\antlr\2.7.7\antlr-2.7.7.jar;C:\Users\ADMIN\.m2\repository\org\jboss\jandex\2.4.2.Final\jandex-2.4.2.Final.jar;C:\Users\ADMIN\.m2\repository\org\hibernate\common\hibernate-commons-annotations\5.1.2.Final\hibernate-commons-annotations-5.1.2.Final.jar;C:\Users\ADMIN\.m2\repository\org\glassfish\jaxb\jaxb-runtime\2.3.8\jaxb-runtime-2.3.8.jar;C:\Users\ADMIN\.m2\repository\org\glassfish\jaxb\txw2\2.3.8\txw2-2.3.8.jar;C:\Users\ADMIN\.m2\repository\com\sun\istack\istack-commons-runtime\3.0.12\istack-commons-runtime-3.0.12.jar;C:\Users\ADMIN\.m2\repository\com\sun\activation\jakarta.activation\1.2.2\jakarta.activation-1.2.2.jar;C:\Users\ADMIN\.m2\repository\org\springframework\data\spring-data-jpa\2.7.17\spring-
Launcher Type: SUN_STANDARD

[Global flags]
     intx CICompilerCount                          = 3                                         {product} {ergonomic}
     uint ConcGCThreads                            = 1                                         {product} {ergonomic}
     uint G1ConcRefinementThreads                  = 4                                         {product} {ergonomic}
   size_t G1HeapRegionSize                         = 1048576                                   {product} {ergonomic}
    uintx GCDrainStackTargetSize                   = 64                                        {product} {ergonomic}
   size_t InitialHeapSize                          = 134217728                                 {product} {ergonomic}
   size_t MarkStackSize                            = 4194304                                   {product} {ergonomic}
   size_t MaxHeapSize                              = 2116026368                                {product} {ergonomic}
   size_t MaxNewSize                               = 1268776960                                {product} {ergonomic}
   size_t MinHeapDeltaBytes                        = 1048576                                   {product} {ergonomic}
    uintx NonNMethodCodeHeapSize                   = 5830732                                {pd product} {ergonomic}
    uintx NonProfiledCodeHeapSize                  = 122913754                              {pd product} {ergonomic}
    uintx ProfiledCodeHeapSize                     = 122913754                              {pd product} {ergonomic}
    uintx ReservedCodeCacheSize                    = 251658240                              {pd product} {ergonomic}
     bool SegmentedCodeCache                       = true                                      {product} {ergonomic}
     bool UseCompressedClassPointers               = true                                 {lp64_product} {ergonomic}
     bool UseCompressedOops                        = true                                 {lp64_product} {ergonomic}
     bool UseG1GC                                  = true                                      {product} {ergonomic}
     bool UseLargePagesIndividualAllocation        = false                                  {pd product} {ergonomic}

Logging:
Log output configuration:
 #0: stdout all=warning uptime,level,tags
 #1: stderr all=off uptime,level,tags

Environment Variables:
PATH=C:\Program Files (x86)\Common Files\Oracle\Java\javapath;C:\Program Files (x86)\VMware\VMware Workstation\bin\;C:\Program Files\Java\jdk1.8.0_351\bin;C:\Windows\system32;C:\Windows;C:\Windows\System32\Wbem;C:\Windows\System32\WindowsPowerShell\v1.0\;C:\Windows\System32\OpenSSH\;C:\Program Files (x86)\Intel\Intel(R) Management Engine Components\DAL;C:\Program Files\Intel\Intel(R) Management Engine Components\DAL;C:\MinGW\bin;C:\Program Files\MySQL\MySQL Server 8.0\bin;C:\Program Files\dotnet\;C:\Program Files\Git\cmd;C:\Program Files\nodejs\;C:\Users\ADMIN\.amplify\bin;C:\Program Files\Java\jdk1.8.0_351\bin;C:\Users\ADMIN\AppData\Local\Microsoft\WindowsApps;C:\Users\ADMIN\AppData\Local\Programs\Microsoft VS Code\bin;C:\Program Files\JetBrains\IntelliJ IDEA Community Edition 2022.2.3\bin;;C:\Users\ADMIN\AppData\Local\GitHubDesktop\bin;C:\Users\ADMIN\AppData\Roaming\npm;C:\apache-maven-3.9.5\bin;
USERNAME=ADMIN
OS=Windows_NT
PROCESSOR_IDENTIFIER=Intel64 Family 6 Model 142 Stepping 9, GenuineIntel
TMP=C:\Users\ADMIN\AppData\Local\Temp
TEMP=C:\Users\ADMIN\AppData\Local\Temp



---------------  S Y S T E M  ---------------

OS: Windows 10 , 64 bit Build 19041 (10.0.19041.3636)
OS uptime: 1 days 18:44 hours

CPU:total 4 (initial active 4) (2 cores per cpu, 2 threads per core) family 6 model 142 stepping 9 microcode 0xec, cmov, cx8, fxsr, mmx, sse, sse2, sse3, ssse3, sse4.1, sse4.2, popcnt, avx, avx2, aes, clmul, erms, 3dnowpref, lzcnt, ht, tsc, tscinvbit, bmi1, bmi2, adx, fma

Memory: 4k page, system-wide physical 8067M (810M free)
TotalPageFile size 10115M (AvailPageFile size 3M)
current process WorkingSet (physical memory assigned to process): 186M, peak: 187M
current process commit charge ("private bytes"): 276M, peak: 278M

vm_info: OpenJDK 64-Bit Server VM (11.0.18+10-LTS) for windows-amd64 JRE (11.0.18+10-LTS), built on Jan 10 2023 20:17:52 by "Administrator" with MS VC++ 15.9 (VS2017)

END.
